<?xml version="1.0" encoding="UTF-8"?>
<coverage generated="1774352897962" clover="3.2.0">
  <project timestamp="1774352897962" name="All files">
    <metrics statements="420" coveredstatements="152" conditionals="380" coveredconditionals="158" methods="128" coveredmethods="57" elements="928" coveredelements="367" complexity="0" loc="420" ncloc="420" packages="10" files="35" classes="35"/>
    <package name="components.common">
      <metrics statements="15" coveredstatements="13" conditionals="32" coveredconditionals="26" methods="4" coveredmethods="3"/>
      <file name="Badge.tsx" path="/Users/akshen/Desktop/Programming/SunSuraksha/SunSuraksha/src/components/common/Badge.tsx">
        <metrics statements="4" coveredstatements="4" conditionals="6" coveredconditionals="6" methods="1" coveredmethods="1"/>
        <line num="20" count="1" type="stmt"/>
        <line num="36" count="10" type="stmt"/>
        <line num="38" count="10" type="stmt"/>
        <line num="61" count="1" type="stmt"/>
      </file>
      <file name="Button.tsx" path="/Users/akshen/Desktop/Programming/SunSuraksha/SunSuraksha/src/components/common/Button.tsx">
        <metrics statements="7" coveredstatements="7" conditionals="16" coveredconditionals="14" methods="1" coveredmethods="1"/>
        <line num="42" count="10" type="cond" truecount="2" falsecount="0"/>
        <line num="44" count="10" type="stmt"/>
        <line num="79" count="1" type="stmt"/>
        <line num="96" count="1" type="stmt"/>
        <line num="109" count="1" type="stmt"/>
        <line num="118" count="1" type="stmt"/>
        <line num="135" count="1" type="stmt"/>
      </file>
      <file name="Card.tsx" path="/Users/akshen/Desktop/Programming/SunSuraksha/SunSuraksha/src/components/common/Card.tsx">
        <metrics statements="2" coveredstatements="2" conditionals="6" coveredconditionals="6" methods="1" coveredmethods="1"/>
        <line num="26" count="5" type="stmt"/>
        <line num="41" count="1" type="stmt"/>
      </file>
      <file name="ScreenHeader.tsx" path="/Users/akshen/Desktop/Programming/SunSuraksha/SunSuraksha/src/components/common/ScreenHeader.tsx">
        <metrics statements="2" coveredstatements="0" conditionals="4" coveredconditionals="0" methods="1" coveredmethods="0"/>
        <line num="26" count="0" type="stmt"/>
        <line num="44" count="0" type="stmt"/>
      </file>
      <file name="index.ts" path="/Users/akshen/Desktop/Programming/SunSuraksha/SunSuraksha/src/components/common/index.ts">
        <metrics statements="0" coveredstatements="0" conditionals="0" coveredconditionals="0" methods="0" coveredmethods="0"/>
      </file>
    </package>
    <package name="components.food">
      <metrics statements="17" coveredstatements="0" conditionals="18" coveredconditionals="0" methods="9" coveredmethods="0"/>
      <file name="AvoidCard.tsx" path="/Users/akshen/Desktop/Programming/SunSuraksha/SunSuraksha/src/components/food/AvoidCard.tsx">
        <metrics statements="7" coveredstatements="0" conditionals="4" coveredconditionals="0" methods="3" coveredmethods="0"/>
        <line num="20" count="0" type="stmt"/>
        <line num="35" count="0" type="stmt"/>
        <line num="36" count="0" type="stmt"/>
        <line num="38" count="0" type="stmt"/>
        <line num="41" count="0" type="stmt"/>
        <line num="66" count="0" type="stmt"/>
        <line num="81" count="0" type="stmt"/>
      </file>
      <file name="DrinkCard.tsx" path="/Users/akshen/Desktop/Programming/SunSuraksha/SunSuraksha/src/components/food/DrinkCard.tsx">
        <metrics statements="5" coveredstatements="0" conditionals="4" coveredconditionals="0" methods="3" coveredmethods="0"/>
        <line num="37" count="0" type="stmt"/>
        <line num="39" count="0" type="stmt"/>
        <line num="42" count="0" type="stmt"/>
        <line num="95" count="0" type="stmt"/>
        <line num="110" count="0" type="stmt"/>
      </file>
      <file name="FoodCard.tsx" path="/Users/akshen/Desktop/Programming/SunSuraksha/SunSuraksha/src/components/food/FoodCard.tsx">
        <metrics statements="5" coveredstatements="0" conditionals="10" coveredconditionals="0" methods="3" coveredmethods="0"/>
        <line num="37" count="0" type="stmt"/>
        <line num="39" count="0" type="stmt"/>
        <line num="42" count="0" type="stmt"/>
        <line num="89" count="0" type="stmt"/>
        <line num="111" count="0" type="stmt"/>
      </file>
      <file name="index.ts" path="/Users/akshen/Desktop/Programming/SunSuraksha/SunSuraksha/src/components/food/index.ts">
        <metrics statements="0" coveredstatements="0" conditionals="0" coveredconditionals="0" methods="0" coveredmethods="0"/>
      </file>
    </package>
    <package name="components.home">
      <metrics statements="55" coveredstatements="0" conditionals="62" coveredconditionals="0" methods="15" coveredmethods="0"/>
      <file name="ActionCard.tsx" path="/Users/akshen/Desktop/Programming/SunSuraksha/SunSuraksha/src/components/home/ActionCard.tsx">
        <metrics statements="3" coveredstatements="0" conditionals="6" coveredconditionals="0" methods="1" coveredmethods="0"/>
        <line num="26" count="0" type="stmt"/>
        <line num="28" count="0" type="stmt"/>
        <line num="50" count="0" type="stmt"/>
      </file>
      <file name="HeatScoreRing.tsx" path="/Users/akshen/Desktop/Programming/SunSuraksha/SunSuraksha/src/components/home/HeatScoreRing.tsx">
        <metrics statements="11" coveredstatements="0" conditionals="2" coveredconditionals="0" methods="1" coveredmethods="0"/>
        <line num="21" count="0" type="stmt"/>
        <line num="22" count="0" type="stmt"/>
        <line num="23" count="0" type="stmt"/>
        <line num="26" count="0" type="stmt"/>
        <line num="27" count="0" type="stmt"/>
        <line num="28" count="0" type="stmt"/>
        <line num="29" count="0" type="stmt"/>
        <line num="30" count="0" type="stmt"/>
        <line num="31" count="0" type="stmt"/>
        <line num="33" count="0" type="stmt"/>
        <line num="89" count="0" type="stmt"/>
      </file>
      <file name="HourlyTimeline.tsx" path="/Users/akshen/Desktop/Programming/SunSuraksha/SunSuraksha/src/components/home/HourlyTimeline.tsx">
        <metrics statements="28" coveredstatements="0" conditionals="46" coveredconditionals="0" methods="5" coveredmethods="0"/>
        <line num="20" count="0" type="stmt"/>
        <line num="29" count="0" type="cond" truecount="0" falsecount="4"/>
        <line num="32" count="0" type="cond" truecount="0" falsecount="4"/>
        <line num="35" count="0" type="cond" truecount="0" falsecount="2"/>
        <line num="36" count="0" type="cond" truecount="0" falsecount="4"/>
        <line num="37" count="0" type="cond" truecount="0" falsecount="4"/>
        <line num="38" count="0" type="stmt"/>
        <line num="40" count="0" type="cond" truecount="0" falsecount="2"/>
        <line num="41" count="0" type="cond" truecount="0" falsecount="4"/>
        <line num="42" count="0" type="cond" truecount="0" falsecount="4"/>
        <line num="43" count="0" type="stmt"/>
        <line num="45" count="0" type="cond" truecount="0" falsecount="2"/>
        <line num="46" count="0" type="cond" truecount="0" falsecount="4"/>
        <line num="47" count="0" type="stmt"/>
        <line num="49" count="0" type="stmt"/>
        <line num="53" count="0" type="cond" truecount="0" falsecount="4"/>
        <line num="54" count="0" type="cond" truecount="0" falsecount="2"/>
        <line num="55" count="0" type="cond" truecount="0" falsecount="2"/>
        <line num="56" count="0" type="stmt"/>
        <line num="60" count="0" type="stmt"/>
        <line num="63" count="0" type="stmt"/>
        <line num="64" count="0" type="stmt"/>
        <line num="65" count="0" type="stmt"/>
        <line num="71" count="0" type="stmt"/>
        <line num="97" count="0" type="stmt"/>
        <line num="98" count="0" type="stmt"/>
        <line num="100" count="0" type="stmt"/>
        <line num="116" count="0" type="stmt"/>
      </file>
      <file name="QuickActions.tsx" path="/Users/akshen/Desktop/Programming/SunSuraksha/SunSuraksha/src/components/home/QuickActions.tsx">
        <metrics statements="9" coveredstatements="0" conditionals="0" coveredconditionals="0" methods="6" coveredmethods="0"/>
        <line num="18" count="0" type="stmt"/>
        <line num="20" count="0" type="stmt"/>
        <line num="24" count="0" type="stmt"/>
        <line num="29" count="0" type="stmt"/>
        <line num="34" count="0" type="stmt"/>
        <line num="39" count="0" type="stmt"/>
        <line num="43" count="0" type="stmt"/>
        <line num="46" count="0" type="stmt"/>
        <line num="60" count="0" type="stmt"/>
      </file>
      <file name="WeatherMini.tsx" path="/Users/akshen/Desktop/Programming/SunSuraksha/SunSuraksha/src/components/home/WeatherMini.tsx">
        <metrics statements="4" coveredstatements="0" conditionals="8" coveredconditionals="0" methods="2" coveredmethods="0"/>
        <line num="17" count="0" type="stmt"/>
        <line num="27" count="0" type="cond" truecount="0" falsecount="8"/>
        <line num="29" count="0" type="stmt"/>
        <line num="40" count="0" type="stmt"/>
      </file>
      <file name="index.ts" path="/Users/akshen/Desktop/Programming/SunSuraksha/SunSuraksha/src/components/home/index.ts">
        <metrics statements="0" coveredstatements="0" conditionals="0" coveredconditionals="0" methods="0" coveredmethods="0"/>
      </file>
    </package>
    <package name="components.hydration">
      <metrics statements="39" coveredstatements="0" conditionals="32" coveredconditionals="0" methods="13" coveredmethods="0"/>
      <file name="CustomAmountModal.tsx" path="/Users/akshen/Desktop/Programming/SunSuraksha/SunSuraksha/src/components/hydration/CustomAmountModal.tsx">
        <metrics statements="11" coveredstatements="0" conditionals="10" coveredconditionals="0" methods="4" coveredmethods="0"/>
        <line num="27" count="0" type="stmt"/>
        <line num="30" count="0" type="stmt"/>
        <line num="31" count="0" type="cond" truecount="0" falsecount="4"/>
        <line num="32" count="0" type="stmt"/>
        <line num="33" count="0" type="stmt"/>
        <line num="34" count="0" type="stmt"/>
        <line num="39" count="0" type="stmt"/>
        <line num="40" count="0" type="stmt"/>
        <line num="43" count="0" type="stmt"/>
        <line num="61" count="0" type="stmt"/>
        <line num="90" count="0" type="stmt"/>
      </file>
      <file name="HydrationLogList.tsx" path="/Users/akshen/Desktop/Programming/SunSuraksha/SunSuraksha/src/components/hydration/HydrationLogList.tsx">
        <metrics statements="11" coveredstatements="0" conditionals="8" coveredconditionals="0" methods="5" coveredmethods="0"/>
        <line num="23" count="0" type="stmt"/>
        <line num="24" count="0" type="stmt"/>
        <line num="32" count="0" type="cond" truecount="0" falsecount="2"/>
        <line num="33" count="0" type="cond" truecount="0" falsecount="2"/>
        <line num="34" count="0" type="stmt"/>
        <line num="38" count="0" type="cond" truecount="0" falsecount="2"/>
        <line num="39" count="0" type="stmt"/>
        <line num="48" count="0" type="stmt"/>
        <line num="52" count="0" type="stmt"/>
        <line num="60" count="0" type="stmt"/>
        <line num="72" count="0" type="stmt"/>
      </file>
      <file name="QuickAddButtons.tsx" path="/Users/akshen/Desktop/Programming/SunSuraksha/SunSuraksha/src/components/hydration/QuickAddButtons.tsx">
        <metrics statements="5" coveredstatements="0" conditionals="0" coveredconditionals="0" methods="3" coveredmethods="0"/>
        <line num="15" count="0" type="stmt"/>
        <line num="22" count="0" type="stmt"/>
        <line num="27" count="0" type="stmt"/>
        <line num="30" count="0" type="stmt"/>
        <line num="50" count="0" type="stmt"/>
      </file>
      <file name="WaterProgressRing.tsx" path="/Users/akshen/Desktop/Programming/SunSuraksha/SunSuraksha/src/components/hydration/WaterProgressRing.tsx">
        <metrics statements="12" coveredstatements="0" conditionals="14" coveredconditionals="0" methods="1" coveredmethods="0"/>
        <line num="18" count="0" type="stmt"/>
        <line num="19" count="0" type="stmt"/>
        <line num="22" count="0" type="stmt"/>
        <line num="23" count="0" type="stmt"/>
        <line num="24" count="0" type="stmt"/>
        <line num="25" count="0" type="stmt"/>
        <line num="26" count="0" type="stmt"/>
        <line num="27" count="0" type="stmt"/>
        <line num="29" count="0" type="cond" truecount="0" falsecount="2"/>
        <line num="30" count="0" type="cond" truecount="0" falsecount="2"/>
        <line num="32" count="0" type="stmt"/>
        <line num="97" count="0" type="stmt"/>
      </file>
      <file name="index.ts" path="/Users/akshen/Desktop/Programming/SunSuraksha/SunSuraksha/src/components/hydration/index.ts">
        <metrics statements="0" coveredstatements="0" conditionals="0" coveredconditionals="0" methods="0" coveredmethods="0"/>
      </file>
    </package>
    <package name="components.planner">
      <metrics statements="9" coveredstatements="0" conditionals="14" coveredconditionals="0" methods="3" coveredmethods="0"/>
      <file name="TimeBlockCard.tsx" path="/Users/akshen/Desktop/Programming/SunSuraksha/SunSuraksha/src/components/planner/TimeBlockCard.tsx">
        <metrics statements="9" coveredstatements="0" conditionals="14" coveredconditionals="0" methods="3" coveredmethods="0"/>
        <line num="23" count="0" type="stmt"/>
        <line num="31" count="0" type="cond" truecount="0" falsecount="4"/>
        <line num="32" count="0" type="cond" truecount="0" falsecount="2"/>
        <line num="33" count="0" type="cond" truecount="0" falsecount="2"/>
        <line num="34" count="0" type="stmt"/>
        <line num="46" count="0" type="stmt"/>
        <line num="48" count="0" type="stmt"/>
        <line num="82" count="0" type="stmt"/>
        <line num="93" count="0" type="stmt"/>
      </file>
      <file name="index.ts" path="/Users/akshen/Desktop/Programming/SunSuraksha/SunSuraksha/src/components/planner/index.ts">
        <metrics statements="0" coveredstatements="0" conditionals="0" coveredconditionals="0" methods="0" coveredmethods="0"/>
      </file>
    </package>
    <package name="constants">
      <metrics statements="18" coveredstatements="18" conditionals="24" coveredconditionals="24" methods="3" coveredmethods="3"/>
      <file name="config.ts" path="/Users/akshen/Desktop/Programming/SunSuraksha/SunSuraksha/src/constants/config.ts">
        <metrics statements="1" coveredstatements="1" conditionals="6" coveredconditionals="6" methods="0" coveredmethods="0"/>
        <line num="13" count="1" type="stmt"/>
      </file>
      <file name="theme.ts" path="/Users/akshen/Desktop/Programming/SunSuraksha/SunSuraksha/src/constants/theme.ts">
        <metrics statements="17" coveredstatements="17" conditionals="18" coveredconditionals="18" methods="3" coveredmethods="3"/>
        <line num="8" count="6" type="stmt"/>
        <line num="49" count="6" type="stmt"/>
        <line num="62" count="6" type="stmt"/>
        <line num="71" count="6" type="stmt"/>
        <line num="109" count="6" type="stmt"/>
        <line num="139" count="46" type="cond" truecount="2" falsecount="0"/>
        <line num="140" count="34" type="cond" truecount="2" falsecount="0"/>
        <line num="141" count="20" type="cond" truecount="2" falsecount="0"/>
        <line num="142" count="9" type="stmt"/>
        <line num="146" count="38" type="cond" truecount="2" falsecount="0"/>
        <line num="147" count="28" type="cond" truecount="2" falsecount="0"/>
        <line num="148" count="16" type="cond" truecount="2" falsecount="0"/>
        <line num="149" count="7" type="stmt"/>
        <line num="153" count="42" type="cond" truecount="2" falsecount="0"/>
        <line num="154" count="31" type="cond" truecount="2" falsecount="0"/>
        <line num="155" count="18" type="cond" truecount="2" falsecount="0"/>
        <line num="156" count="8" type="stmt"/>
      </file>
    </package>
    <package name="data">
      <metrics statements="37" coveredstatements="35" conditionals="32" coveredconditionals="27" methods="34" coveredmethods="30"/>
      <file name="foodData.ts" path="/Users/akshen/Desktop/Programming/SunSuraksha/SunSuraksha/src/data/foodData.ts">
        <metrics statements="37" coveredstatements="35" conditionals="32" coveredconditionals="27" methods="34" coveredmethods="30"/>
        <line num="28" count="2" type="stmt"/>
        <line num="34" count="7" type="stmt"/>
        <line num="39" count="5" type="stmt"/>
        <line num="40" count="50" type="cond" truecount="2" falsecount="0"/>
        <line num="46" count="0" type="stmt"/>
        <line num="51" count="10" type="stmt"/>
        <line num="56" count="11" type="stmt"/>
        <line num="61" count="10" type="stmt"/>
        <line num="66" count="20" type="stmt"/>
        <line num="73" count="5" type="stmt"/>
        <line num="78" count="2" type="stmt"/>
        <line num="79" count="12" type="cond" truecount="2" falsecount="0"/>
        <line num="85" count="10" type="stmt"/>
        <line num="90" count="0" type="stmt"/>
        <line num="95" count="1" type="stmt"/>
        <line num="100" count="12" type="stmt"/>
        <line num="107" count="3" type="stmt"/>
        <line num="112" count="1" type="stmt"/>
        <line num="113" count="5" type="cond" truecount="2" falsecount="0"/>
        <line num="128" count="7" type="cond" truecount="1" falsecount="0"/>
        <line num="131" count="7" type="stmt"/>
        <line num="133" count="70" type="cond" truecount="4" falsecount="0"/>
        <line num="140" count="7" type="stmt"/>
        <line num="142" count="42" type="cond" truecount="3" falsecount="0"/>
        <line num="148" count="43" type="stmt"/>
        <line num="151" count="7" type="stmt"/>
        <line num="152" count="56" type="stmt"/>
        <line num="153" count="56" type="stmt"/>
        <line num="157" count="7" type="stmt"/>
        <line num="158" count="7" type="cond" truecount="2" falsecount="0"/>
        <line num="159" count="4" type="cond" truecount="2" falsecount="0"/>
        <line num="160" count="7" type="cond" truecount="1" falsecount="1"/>
        <line num="162" count="7" type="stmt"/>
        <line num="176" count="4" type="stmt"/>
        <line num="183" count="5" type="cond" truecount="3" falsecount="1"/>
        <line num="184" count="3" type="cond" truecount="3" falsecount="1"/>
        <line num="185" count="2" type="cond" truecount="1" falsecount="1"/>
      </file>
    </package>
    <package name="hooks">
      <metrics statements="57" coveredstatements="0" conditionals="17" coveredconditionals="0" methods="10" coveredmethods="0"/>
      <file name="useLocation.ts" path="/Users/akshen/Desktop/Programming/SunSuraksha/SunSuraksha/src/hooks/useLocation.ts">
        <metrics statements="25" coveredstatements="0" conditionals="8" coveredconditionals="0" methods="3" coveredmethods="0"/>
        <line num="24" count="0" type="stmt"/>
        <line num="25" count="0" type="stmt"/>
        <line num="26" count="0" type="stmt"/>
        <line num="27" count="0" type="stmt"/>
        <line num="30" count="0" type="stmt"/>
        <line num="31" count="0" type="stmt"/>
        <line num="32" count="0" type="stmt"/>
        <line num="35" count="0" type="stmt"/>
        <line num="37" count="0" type="cond" truecount="0" falsecount="2"/>
        <line num="38" count="0" type="stmt"/>
        <line num="39" count="0" type="stmt"/>
        <line num="40" count="0" type="stmt"/>
        <line num="44" count="0" type="stmt"/>
        <line num="48" count="0" type="stmt"/>
        <line num="49" count="0" type="stmt"/>
        <line num="52" count="0" type="stmt"/>
        <line num="57" count="0" type="cond" truecount="0" falsecount="2"/>
        <line num="60" count="0" type="cond" truecount="0" falsecount="4"/>
        <line num="65" count="0" type="stmt"/>
        <line num="68" count="0" type="stmt"/>
        <line num="69" count="0" type="stmt"/>
        <line num="71" count="0" type="stmt"/>
        <line num="75" count="0" type="stmt"/>
        <line num="76" count="0" type="stmt"/>
        <line num="79" count="0" type="stmt"/>
      </file>
      <file name="useWeather.ts" path="/Users/akshen/Desktop/Programming/SunSuraksha/SunSuraksha/src/hooks/useWeather.ts">
        <metrics statements="32" coveredstatements="0" conditionals="9" coveredconditionals="0" methods="7" coveredmethods="0"/>
        <line num="18" count="0" type="stmt"/>
        <line num="35" count="0" type="cond" truecount="0" falsecount="1"/>
        <line num="37" count="0" type="stmt"/>
        <line num="38" count="0" type="stmt"/>
        <line num="39" count="0" type="stmt"/>
        <line num="40" count="0" type="stmt"/>
        <line num="42" count="0" type="stmt"/>
        <line num="43" count="0" type="cond" truecount="0" falsecount="2"/>
        <line num="44" count="0" type="stmt"/>
        <line num="47" count="0" type="stmt"/>
        <line num="48" count="0" type="cond" truecount="0" falsecount="2"/>
        <line num="49" count="0" type="stmt"/>
        <line num="55" count="0" type="stmt"/>
        <line num="56" count="0" type="stmt"/>
        <line num="57" count="0" type="stmt"/>
        <line num="60" count="0" type="cond" truecount="0" falsecount="2"/>
        <line num="62" count="0" type="stmt"/>
        <line num="65" count="0" type="stmt"/>
        <line num="68" count="0" type="stmt"/>
        <line num="70" count="0" type="stmt"/>
        <line num="71" count="0" type="stmt"/>
        <line num="73" count="0" type="stmt"/>
        <line num="77" count="0" type="stmt"/>
        <line num="78" count="0" type="stmt"/>
        <line num="79" count="0" type="stmt"/>
        <line num="82" count="0" type="stmt"/>
        <line num="83" count="0" type="stmt"/>
        <line num="85" count="0" type="stmt"/>
        <line num="87" count="0" type="stmt"/>
        <line num="88" count="0" type="cond" truecount="0" falsecount="2"/>
        <line num="89" count="0" type="stmt"/>
        <line num="94" count="0" type="stmt"/>
      </file>
    </package>
    <package name="services">
      <metrics statements="128" coveredstatements="41" conditionals="94" coveredconditionals="28" methods="24" coveredmethods="8"/>
      <file name="auth.ts" path="/Users/akshen/Desktop/Programming/SunSuraksha/SunSuraksha/src/services/auth.ts">
        <metrics statements="14" coveredstatements="0" conditionals="10" coveredconditionals="0" methods="6" coveredmethods="0"/>
        <line num="13" count="0" type="stmt"/>
        <line num="18" count="0" type="cond" truecount="0" falsecount="2"/>
        <line num="19" count="0" type="stmt"/>
        <line num="24" count="0" type="stmt"/>
        <line num="29" count="0" type="cond" truecount="0" falsecount="2"/>
        <line num="30" count="0" type="stmt"/>
        <line num="35" count="0" type="stmt"/>
        <line num="36" count="0" type="cond" truecount="0" falsecount="2"/>
        <line num="41" count="0" type="stmt"/>
        <line num="42" count="0" type="cond" truecount="0" falsecount="2"/>
        <line num="43" count="0" type="stmt"/>
        <line num="48" count="0" type="stmt"/>
        <line num="49" count="0" type="cond" truecount="0" falsecount="2"/>
        <line num="56" count="0" type="stmt"/>
      </file>
      <file name="hydration.ts" path="/Users/akshen/Desktop/Programming/SunSuraksha/SunSuraksha/src/services/hydration.ts">
        <metrics statements="27" coveredstatements="0" conditionals="10" coveredconditionals="0" methods="5" coveredmethods="0"/>
        <line num="15" count="0" type="stmt"/>
        <line num="24" count="0" type="cond" truecount="0" falsecount="2"/>
        <line num="25" count="0" type="stmt"/>
        <line num="26" count="0" type="stmt"/>
        <line num="30" count="0" type="stmt"/>
        <line num="32" count="0" type="stmt"/>
        <line num="37" count="0" type="stmt"/>
        <line num="39" count="0" type="stmt"/>
        <line num="47" count="0" type="cond" truecount="0" falsecount="2"/>
        <line num="48" count="0" type="stmt"/>
        <line num="49" count="0" type="stmt"/>
        <line num="52" count="0" type="stmt"/>
        <line num="61" count="0" type="stmt"/>
        <line num="63" count="0" type="stmt"/>
        <line num="70" count="0" type="cond" truecount="0" falsecount="2"/>
        <line num="72" count="0" type="stmt"/>
        <line num="75" count="0" type="stmt"/>
        <line num="83" count="0" type="stmt"/>
        <line num="86" count="0" type="stmt"/>
        <line num="93" count="0" type="cond" truecount="0" falsecount="2"/>
        <line num="95" count="0" type="stmt"/>
        <line num="104" count="0" type="stmt"/>
        <line num="119" count="0" type="stmt"/>
        <line num="125" count="0" type="cond" truecount="0" falsecount="2"/>
        <line num="126" count="0" type="stmt"/>
        <line num="127" count="0" type="stmt"/>
        <line num="130" count="0" type="stmt"/>
      </file>
      <file name="index.ts" path="/Users/akshen/Desktop/Programming/SunSuraksha/SunSuraksha/src/services/index.ts">
        <metrics statements="0" coveredstatements="0" conditionals="0" coveredconditionals="0" methods="0" coveredmethods="0"/>
      </file>
      <file name="notifications.ts" path="/Users/akshen/Desktop/Programming/SunSuraksha/SunSuraksha/src/services/notifications.ts">
        <metrics statements="38" coveredstatements="29" conditionals="16" coveredconditionals="10" methods="5" coveredmethods="5"/>
        <line num="11" count="1" type="stmt"/>
        <line num="17" count="1" type="cond" truecount="1" falsecount="1"/>
        <line num="18" count="0" type="stmt"/>
        <line num="19" count="0" type="stmt"/>
        <line num="21" count="1" type="stmt"/>
        <line num="22" count="1" type="stmt"/>
        <line num="23" count="1" type="stmt"/>
        <line num="24" count="0" type="stmt"/>
        <line num="26" count="1" type="stmt"/>
        <line num="37" count="17" type="cond" truecount="1" falsecount="1"/>
        <line num="38" count="17" type="stmt"/>
        <line num="39" count="17" type="stmt"/>
        <line num="40" count="17" type="stmt"/>
        <line num="47" count="17" type="stmt"/>
        <line num="48" count="17" type="stmt"/>
        <line num="52" count="17" type="stmt"/>
        <line num="54" count="0" type="stmt"/>
        <line num="55" count="0" type="stmt"/>
        <line num="63" count="2" type="cond" truecount="4" falsecount="0"/>
        <line num="64" count="1" type="stmt"/>
        <line num="65" count="1" type="stmt"/>
        <line num="66" count="1" type="cond" truecount="1" falsecount="1"/>
        <line num="67" count="1" type="cond" truecount="1" falsecount="1"/>
        <line num="70" count="1" type="stmt"/>
        <line num="74" count="1" type="stmt"/>
        <line num="76" count="0" type="stmt"/>
        <line num="77" count="0" type="stmt"/>
        <line num="85" count="2" type="cond" truecount="1" falsecount="1"/>
        <line num="86" count="2" type="stmt"/>
        <line num="87" count="2" type="stmt"/>
        <line num="88" count="2" type="stmt"/>
        <line num="99" count="1" type="cond" truecount="1" falsecount="1"/>
        <line num="100" count="0" type="stmt"/>
        <line num="101" count="0" type="stmt"/>
        <line num="103" count="1" type="stmt"/>
        <line num="104" count="1" type="stmt"/>
        <line num="105" count="1" type="stmt"/>
        <line num="106" count="16" type="stmt"/>
      </file>
      <file name="profile.ts" path="/Users/akshen/Desktop/Programming/SunSuraksha/SunSuraksha/src/services/profile.ts">
        <metrics statements="11" coveredstatements="0" conditionals="4" coveredconditionals="0" methods="3" coveredmethods="0"/>
        <line num="13" count="0" type="stmt"/>
        <line num="19" count="0" type="cond" truecount="0" falsecount="2"/>
        <line num="20" count="0" type="stmt"/>
        <line num="21" count="0" type="stmt"/>
        <line num="24" count="0" type="stmt"/>
        <line num="32" count="0" type="stmt"/>
        <line num="39" count="0" type="cond" truecount="0" falsecount="2"/>
        <line num="40" count="0" type="stmt"/>
        <line num="41" count="0" type="stmt"/>
        <line num="44" count="0" type="stmt"/>
        <line num="60" count="0" type="stmt"/>
      </file>
      <file name="weather.ts" path="/Users/akshen/Desktop/Programming/SunSuraksha/SunSuraksha/src/services/weather.ts">
        <metrics statements="38" coveredstatements="12" conditionals="54" coveredconditionals="18" methods="5" coveredmethods="3"/>
        <line num="18" count="1" type="stmt"/>
        <line num="57" count="0" type="stmt"/>
        <line num="58" count="0" type="cond" truecount="0" falsecount="2"/>
        <line num="66" count="5" type="stmt"/>
        <line num="68" count="5" type="cond" truecount="2" falsecount="2"/>
        <line num="69" count="5" type="stmt"/>
        <line num="70" count="5" type="stmt"/>
        <line num="73" count="0" type="stmt"/>
        <line num="75" count="0" type="stmt"/>
        <line num="76" count="0" type="stmt"/>
        <line num="78" count="0" type="stmt"/>
        <line num="80" count="0" type="cond" truecount="0" falsecount="2"/>
        <line num="81" count="0" type="stmt"/>
        <line num="82" count="0" type="stmt"/>
        <line num="85" count="0" type="stmt"/>
        <line num="87" count="0" type="stmt"/>
        <line num="99" count="0" type="stmt"/>
        <line num="100" count="0" type="stmt"/>
        <line num="111" count="0" type="stmt"/>
        <line num="113" count="0" type="cond" truecount="0" falsecount="4"/>
        <line num="114" count="0" type="stmt"/>
        <line num="117" count="0" type="stmt"/>
        <line num="118" count="0" type="stmt"/>
        <line num="120" count="0" type="stmt"/>
        <line num="122" count="0" type="cond" truecount="0" falsecount="2"/>
        <line num="123" count="0" type="stmt"/>
        <line num="126" count="0" type="stmt"/>
        <line num="128" count="0" type="stmt"/>
        <line num="140" count="0" type="stmt"/>
        <line num="141" count="0" type="stmt"/>
        <line num="149" count="5" type="stmt"/>
        <line num="150" count="5" type="cond" truecount="3" falsecount="1"/>
        <line num="151" count="5" type="cond" truecount="3" falsecount="1"/>
        <line num="152" count="5" type="cond" truecount="3" falsecount="1"/>
        <line num="153" count="0" type="stmt"/>
        <line num="161" count="5" type="stmt"/>
        <line num="162" count="5" type="cond" truecount="2" falsecount="0"/>
        <line num="164" count="5" type="stmt"/>
      </file>
    </package>
    <package name="utils">
      <metrics statements="45" coveredstatements="45" conditionals="55" coveredconditionals="53" methods="13" coveredmethods="13"/>
      <file name="dailyPlan.ts" path="/Users/akshen/Desktop/Programming/SunSuraksha/SunSuraksha/src/utils/dailyPlan.ts">
        <metrics statements="8" coveredstatements="8" conditionals="6" coveredconditionals="6" methods="5" coveredmethods="5"/>
        <line num="23" count="26" type="cond" truecount="2" falsecount="0"/>
        <line num="24" count="20" type="cond" truecount="2" falsecount="0"/>
        <line num="25" count="12" type="cond" truecount="2" falsecount="0"/>
        <line num="26" count="6" type="stmt"/>
        <line num="30" count="6" type="stmt"/>
        <line num="99" count="8" type="stmt"/>
        <line num="152" count="6" type="stmt"/>
        <line num="197" count="6" type="stmt"/>
      </file>
      <file name="heatScore.ts" path="/Users/akshen/Desktop/Programming/SunSuraksha/SunSuraksha/src/utils/heatScore.ts">
        <metrics statements="37" coveredstatements="37" conditionals="49" coveredconditionals="47" methods="8" coveredmethods="8"/>
        <line num="27" count="34" type="stmt"/>
        <line num="31" count="34" type="stmt"/>
        <line num="35" count="34" type="stmt"/>
        <line num="39" count="34" type="stmt"/>
        <line num="41" count="34" type="stmt"/>
        <line num="42" count="34" type="stmt"/>
        <line num="44" count="34" type="stmt"/>
        <line num="59" count="34" type="cond" truecount="4" falsecount="0"/>
        <line num="60" count="10" type="cond" truecount="4" falsecount="0"/>
        <line num="61" count="6" type="cond" truecount="3" falsecount="1"/>
        <line num="62" count="6" type="stmt"/>
        <line num="69" count="34" type="cond" truecount="2" falsecount="0"/>
        <line num="70" count="28" type="cond" truecount="2" falsecount="0"/>
        <line num="71" count="25" type="cond" truecount="2" falsecount="0"/>
        <line num="72" count="18" type="cond" truecount="2" falsecount="0"/>
        <line num="73" count="8" type="cond" truecount="2" falsecount="0"/>
        <line num="74" count="4" type="stmt"/>
        <line num="81" count="34" type="cond" truecount="2" falsecount="0"/>
        <line num="82" count="24" type="cond" truecount="2" falsecount="0"/>
        <line num="83" count="18" type="cond" truecount="2" falsecount="0"/>
        <line num="84" count="8" type="stmt"/>
        <line num="91" count="34" type="cond" truecount="2" falsecount="0"/>
        <line num="92" count="24" type="cond" truecount="2" falsecount="0"/>
        <line num="93" count="18" type="cond" truecount="2" falsecount="0"/>
        <line num="94" count="8" type="stmt"/>
        <line num="101" count="136" type="stmt"/>
        <line num="109" count="17" type="cond" truecount="2" falsecount="0"/>
        <line num="110" count="11" type="cond" truecount="2" falsecount="0"/>
        <line num="111" count="8" type="cond" truecount="2" falsecount="0"/>
        <line num="112" count="5" type="stmt"/>
        <line num="123" count="15" type="stmt"/>
        <line num="125" count="15" type="stmt"/>
        <line num="126" count="15" type="cond" truecount="2" falsecount="0"/>
        <line num="127" count="13" type="cond" truecount="2" falsecount="0"/>
        <line num="128" count="8" type="cond" truecount="2" falsecount="0"/>
        <line num="130" count="15" type="cond" truecount="2" falsecount="0"/>
        <line num="132" count="15" type="stmt"/>
      </file>
    </package>
  </project>
</coverage>
