{"/Users/akshen/Desktop/Programming/SunSuraksha/SunSuraksha/src/components/common/Badge.tsx": {"path":"/Users/akshen/Desktop/Programming/SunSuraksha/SunSuraksha/src/components/common/Badge.tsx","statementMap":{"0":{"start":{"line":20,"column":74},"end":{"line":27,"column":1}},"1":{"start":{"line":36,"column":17},"end":{"line":36,"column":39}},"2":{"start":{"line":38,"column":2},"end":{"line":58,"column":4}},"3":{"start":{"line":61,"column":15},"end":{"line":79,"column":2}}},"fnMap":{"0":{"name":"Badge","decl":{"start":{"line":29,"column":16},"end":{"line":29,"column":21}},"loc":{"start":{"line":35,"column":15},"end":{"line":59,"column":1}},"line":35}},"branchMap":{"0":{"loc":{"start":{"line":31,"column":2},"end":{"line":31,"column":21}},"type":"default-arg","locations":[{"start":{"line":31,"column":12},"end":{"line":31,"column":21}}],"line":31},"1":{"loc":{"start":{"line":32,"column":2},"end":{"line":32,"column":18}},"type":"default-arg","locations":[{"start":{"line":32,"column":9},"end":{"line":32,"column":18}}],"line":32},"2":{"loc":{"start":{"line":43,"column":8},"end":{"line":43,"column":40}},"type":"binary-expr","locations":[{"start":{"line":43,"column":8},"end":{"line":43,"column":24}},{"start":{"line":43,"column":28},"end":{"line":43,"column":40}}],"line":43},"3":{"loc":{"start":{"line":51,"column":10},"end":{"line":51,"column":46}},"type":"binary-expr","locations":[{"start":{"line":51,"column":10},"end":{"line":51,"column":26}},{"start":{"line":51,"column":30},"end":{"line":51,"column":46}}],"line":51}},"s":{"0":1,"1":10,"2":10,"3":1},"f":{"0":10},"b":{"0":[4],"1":[9],"2":[10,1],"3":[10,1]},"_coverageSchema":"1a1c01bbd47fc00a2c39e90264f33305004495a9","hash":"5e7d74307387a16f63e781e2550468fa9243ff48"}
,"/Users/akshen/Desktop/Programming/SunSuraksha/SunSuraksha/src/components/common/Button.tsx": {"path":"/Users/akshen/Desktop/Programming/SunSuraksha/SunSuraksha/src/components/common/Button.tsx","statementMap":{"0":{"start":{"line":42,"column":21},"end":{"line":42,"column":40}},"1":{"start":{"line":44,"column":2},"end":{"line":76,"column":4}},"2":{"start":{"line":79,"column":15},"end":{"line":94,"column":2}},"3":{"start":{"line":96,"column":50},"end":{"line":107,"column":1}},"4":{"start":{"line":109,"column":54},"end":{"line":116,"column":1}},"5":{"start":{"line":118,"column":56},"end":{"line":133,"column":1}},"6":{"start":{"line":135,"column":60},"end":{"line":148,"column":1}}},"fnMap":{"0":{"name":"Button","decl":{"start":{"line":32,"column":16},"end":{"line":32,"column":22}},"loc":{"start":{"line":41,"column":16},"end":{"line":77,"column":1}},"line":41}},"branchMap":{"0":{"loc":{"start":{"line":35,"column":2},"end":{"line":35,"column":21}},"type":"default-arg","locations":[{"start":{"line":35,"column":12},"end":{"line":35,"column":21}}],"line":35},"1":{"loc":{"start":{"line":36,"column":2},"end":{"line":36,"column":18}},"type":"default-arg","locations":[{"start":{"line":36,"column":9},"end":{"line":36,"column":18}}],"line":36},"2":{"loc":{"start":{"line":37,"column":2},"end":{"line":37,"column":18}},"type":"default-arg","locations":[{"start":{"line":37,"column":13},"end":{"line":37,"column":18}}],"line":37},"3":{"loc":{"start":{"line":38,"column":2},"end":{"line":38,"column":17}},"type":"default-arg","locations":[{"start":{"line":38,"column":12},"end":{"line":38,"column":17}}],"line":38},"4":{"loc":{"start":{"line":42,"column":21},"end":{"line":42,"column":40}},"type":"binary-expr","locations":[{"start":{"line":42,"column":21},"end":{"line":42,"column":29}},{"start":{"line":42,"column":33},"end":{"line":42,"column":40}}],"line":42},"5":{"loc":{"start":{"line":54,"column":8},"end":{"line":54,"column":37}},"type":"binary-expr","locations":[{"start":{"line":54,"column":8},"end":{"line":54,"column":18}},{"start":{"line":54,"column":22},"end":{"line":54,"column":37}}],"line":54},"6":{"loc":{"start":{"line":58,"column":7},"end":{"line":74,"column":7}},"type":"cond-expr","locations":[{"start":{"line":59,"column":8},"end":{"line":62,"column":10}},{"start":{"line":64,"column":8},"end":{"line":73,"column":15}}],"line":58},"7":{"loc":{"start":{"line":61,"column":17},"end":{"line":61,"column":94}},"type":"cond-expr","locations":[{"start":{"line":61,"column":65},"end":{"line":61,"column":77}},{"start":{"line":61,"column":80},"end":{"line":61,"column":94}}],"line":61},"8":{"loc":{"start":{"line":61,"column":17},"end":{"line":61,"column":62}},"type":"binary-expr","locations":[{"start":{"line":61,"column":17},"end":{"line":61,"column":38}},{"start":{"line":61,"column":42},"end":{"line":61,"column":62}}],"line":61},"9":{"loc":{"start":{"line":69,"column":12},"end":{"line":69,"column":45}},"type":"binary-expr","locations":[{"start":{"line":69,"column":12},"end":{"line":69,"column":22}},{"start":{"line":69,"column":26},"end":{"line":69,"column":45}}],"line":69}},"s":{"0":10,"1":10,"2":1,"3":1,"4":1,"5":1,"6":1},"f":{"0":10},"b":{"0":[6],"1":[9],"2":[9],"3":[8],"4":[10,9],"5":[10,3],"6":[2,8],"7":[2,0],"8":[2,0],"9":[8,1]},"_coverageSchema":"1a1c01bbd47fc00a2c39e90264f33305004495a9","hash":"6d1087fbeb7d1196a833c80703bedffc85eb4098"}
,"/Users/akshen/Desktop/Programming/SunSuraksha/SunSuraksha/src/components/common/Card.tsx": {"path":"/Users/akshen/Desktop/Programming/SunSuraksha/SunSuraksha/src/components/common/Card.tsx","statementMap":{"0":{"start":{"line":26,"column":2},"end":{"line":38,"column":4}},"1":{"start":{"line":41,"column":15},"end":{"line":57,"column":2}}},"fnMap":{"0":{"name":"Card","decl":{"start":{"line":19,"column":16},"end":{"line":19,"column":20}},"loc":{"start":{"line":25,"column":14},"end":{"line":39,"column":1}},"line":25}},"branchMap":{"0":{"loc":{"start":{"line":21,"column":2},"end":{"line":21,"column":21}},"type":"default-arg","locations":[{"start":{"line":21,"column":12},"end":{"line":21,"column":21}}],"line":21},"1":{"loc":{"start":{"line":23,"column":2},"end":{"line":23,"column":19}},"type":"default-arg","locations":[{"start":{"line":23,"column":14},"end":{"line":23,"column":19}}],"line":23},"2":{"loc":{"start":{"line":31,"column":8},"end":{"line":31,"column":45}},"type":"binary-expr","locations":[{"start":{"line":31,"column":8},"end":{"line":31,"column":28}},{"start":{"line":31,"column":32},"end":{"line":31,"column":45}}],"line":31},"3":{"loc":{"start":{"line":32,"column":8},"end":{"line":32,"column":37}},"type":"binary-expr","locations":[{"start":{"line":32,"column":8},"end":{"line":32,"column":17}},{"start":{"line":32,"column":21},"end":{"line":32,"column":37}}],"line":32}},"s":{"0":5,"1":1},"f":{"0":5},"b":{"0":[4],"1":[4],"2":[5,1],"3":[5,1]},"_coverageSchema":"1a1c01bbd47fc00a2c39e90264f33305004495a9","hash":"5264f9637a7591cac56f493f10423c9d7f318c46"}
,"/Users/akshen/Desktop/Programming/SunSuraksha/SunSuraksha/src/components/common/ScreenHeader.tsx": {"path":"/Users/akshen/Desktop/Programming/SunSuraksha/SunSuraksha/src/components/common/ScreenHeader.tsx","statementMap":{"0":{"start":{"line":26,"column":2},"end":{"line":41,"column":4}},"1":{"start":{"line":44,"column":15},"end":{"line":71,"column":2}}},"fnMap":{"0":{"name":"ScreenHeader","decl":{"start":{"line":20,"column":16},"end":{"line":20,"column":28}},"loc":{"start":{"line":25,"column":22},"end":{"line":42,"column":1}},"line":25}},"branchMap":{"0":{"loc":{"start":{"line":30,"column":9},"end":{"line":30,"column":68}},"type":"binary-expr","locations":[{"start":{"line":30,"column":9},"end":{"line":30,"column":17}},{"start":{"line":30,"column":21},"end":{"line":30,"column":68}}],"line":30},"1":{"loc":{"start":{"line":32,"column":7},"end":{"line":39,"column":7}},"type":"binary-expr","locations":[{"start":{"line":32,"column":7},"end":{"line":32,"column":18}},{"start":{"line":33,"column":8},"end":{"line":38,"column":27}}],"line":32}},"s":{"0":0,"1":0},"f":{"0":0},"b":{"0":[0,0],"1":[0,0]}}
,"/Users/akshen/Desktop/Programming/SunSuraksha/SunSuraksha/src/components/common/index.ts": {"path":"/Users/akshen/Desktop/Programming/SunSuraksha/SunSuraksha/src/components/common/index.ts","statementMap":{},"fnMap":{},"branchMap":{},"s":{},"f":{},"b":{}}
,"/Users/akshen/Desktop/Programming/SunSuraksha/SunSuraksha/src/components/food/AvoidCard.tsx": {"path":"/Users/akshen/Desktop/Programming/SunSuraksha/SunSuraksha/src/components/food/AvoidCard.tsx","statementMap":{"0":{"start":{"line":20,"column":23},"end":{"line":25,"column":1}},"1":{"start":{"line":35,"column":34},"end":{"line":35,"column":49}},"2":{"start":{"line":36,"column":17},"end":{"line":36,"column":41}},"3":{"start":{"line":38,"column":2},"end":{"line":78,"column":4}},"4":{"start":{"line":41,"column":21},"end":{"line":41,"column":43}},"5":{"start":{"line":66,"column":12},"end":{"line":69,"column":19}},"6":{"start":{"line":81,"column":15},"end":{"line":161,"column":2}}},"fnMap":{"0":{"name":"AvoidCard","decl":{"start":{"line":27,"column":16},"end":{"line":27,"column":25}},"loc":{"start":{"line":34,"column":19},"end":{"line":79,"column":1}},"line":34},"1":{"name":"(anonymous_1)","decl":{"start":{"line":41,"column":15},"end":{"line":41,"column":16}},"loc":{"start":{"line":41,"column":21},"end":{"line":41,"column":43}},"line":41},"2":{"name":"(anonymous_2)","decl":{"start":{"line":65,"column":28},"end":{"line":65,"column":29}},"loc":{"start":{"line":66,"column":12},"end":{"line":69,"column":19}},"line":66}},"branchMap":{"0":{"loc":{"start":{"line":59,"column":7},"end":{"line":72,"column":7}},"type":"binary-expr","locations":[{"start":{"line":59,"column":7},"end":{"line":59,"column":15}},{"start":{"line":60,"column":8},"end":{"line":71,"column":15}}],"line":59},"1":{"loc":{"start":{"line":75,"column":9},"end":{"line":75,"column":57}},"type":"cond-expr","locations":[{"start":{"line":75,"column":20},"end":{"line":75,"column":37}},{"start":{"line":75,"column":40},"end":{"line":75,"column":57}}],"line":75}},"s":{"0":0,"1":0,"2":0,"3":0,"4":0,"5":0,"6":0},"f":{"0":0,"1":0,"2":0},"b":{"0":[0,0],"1":[0,0]}}
,"/Users/akshen/Desktop/Programming/SunSuraksha/SunSuraksha/src/components/food/DrinkCard.tsx": {"path":"/Users/akshen/Desktop/Programming/SunSuraksha/SunSuraksha/src/components/food/DrinkCard.tsx","statementMap":{"0":{"start":{"line":37,"column":34},"end":{"line":37,"column":49}},"1":{"start":{"line":39,"column":2},"end":{"line":107,"column":4}},"2":{"start":{"line":42,"column":21},"end":{"line":42,"column":43}},"3":{"start":{"line":95,"column":12},"end":{"line":98,"column":19}},"4":{"start":{"line":110,"column":15},"end":{"line":232,"column":2}}},"fnMap":{"0":{"name":"DrinkCard","decl":{"start":{"line":25,"column":16},"end":{"line":25,"column":25}},"loc":{"start":{"line":36,"column":19},"end":{"line":108,"column":1}},"line":36},"1":{"name":"(anonymous_1)","decl":{"start":{"line":42,"column":15},"end":{"line":42,"column":16}},"loc":{"start":{"line":42,"column":21},"end":{"line":42,"column":43}},"line":42},"2":{"name":"(anonymous_2)","decl":{"start":{"line":94,"column":21},"end":{"line":94,"column":22}},"loc":{"start":{"line":95,"column":12},"end":{"line":98,"column":19}},"line":95}},"branchMap":{"0":{"loc":{"start":{"line":88,"column":7},"end":{"line":101,"column":7}},"type":"binary-expr","locations":[{"start":{"line":88,"column":7},"end":{"line":88,"column":15}},{"start":{"line":89,"column":8},"end":{"line":100,"column":15}}],"line":88},"1":{"loc":{"start":{"line":104,"column":9},"end":{"line":104,"column":66}},"type":"cond-expr","locations":[{"start":{"line":104,"column":20},"end":{"line":104,"column":37}},{"start":{"line":104,"column":40},"end":{"line":104,"column":66}}],"line":104}},"s":{"0":0,"1":0,"2":0,"3":0,"4":0},"f":{"0":0,"1":0,"2":0},"b":{"0":[0,0],"1":[0,0]}}
,"/Users/akshen/Desktop/Programming/SunSuraksha/SunSuraksha/src/components/food/FoodCard.tsx": {"path":"/Users/akshen/Desktop/Programming/SunSuraksha/SunSuraksha/src/components/food/FoodCard.tsx","statementMap":{"0":{"start":{"line":37,"column":34},"end":{"line":37,"column":49}},"1":{"start":{"line":39,"column":2},"end":{"line":108,"column":4}},"2":{"start":{"line":42,"column":21},"end":{"line":42,"column":43}},"3":{"start":{"line":89,"column":10},"end":{"line":91,"column":17}},"4":{"start":{"line":111,"column":15},"end":{"line":218,"column":2}}},"fnMap":{"0":{"name":"FoodCard","decl":{"start":{"line":25,"column":16},"end":{"line":25,"column":24}},"loc":{"start":{"line":36,"column":18},"end":{"line":109,"column":1}},"line":36},"1":{"name":"(anonymous_1)","decl":{"start":{"line":42,"column":15},"end":{"line":42,"column":16}},"loc":{"start":{"line":42,"column":21},"end":{"line":42,"column":43}},"line":42},"2":{"name":"(anonymous_2)","decl":{"start":{"line":88,"column":30},"end":{"line":88,"column":31}},"loc":{"start":{"line":89,"column":10},"end":{"line":91,"column":17}},"line":89}},"branchMap":{"0":{"loc":{"start":{"line":58,"column":13},"end":{"line":63,"column":13}},"type":"binary-expr","locations":[{"start":{"line":58,"column":13},"end":{"line":58,"column":36}},{"start":{"line":59,"column":14},"end":{"line":62,"column":21}}],"line":58},"1":{"loc":{"start":{"line":64,"column":13},"end":{"line":69,"column":13}},"type":"binary-expr","locations":[{"start":{"line":64,"column":13},"end":{"line":64,"column":36}},{"start":{"line":65,"column":14},"end":{"line":68,"column":21}}],"line":64},"2":{"loc":{"start":{"line":70,"column":13},"end":{"line":75,"column":13}},"type":"binary-expr","locations":[{"start":{"line":70,"column":13},"end":{"line":70,"column":32}},{"start":{"line":71,"column":14},"end":{"line":74,"column":21}}],"line":70},"3":{"loc":{"start":{"line":96,"column":7},"end":{"line":101,"column":7}},"type":"binary-expr","locations":[{"start":{"line":96,"column":7},"end":{"line":96,"column":15}},{"start":{"line":97,"column":8},"end":{"line":100,"column":15}}],"line":96},"4":{"loc":{"start":{"line":105,"column":9},"end":{"line":105,"column":57}},"type":"cond-expr","locations":[{"start":{"line":105,"column":20},"end":{"line":105,"column":37}},{"start":{"line":105,"column":40},"end":{"line":105,"column":57}}],"line":105}},"s":{"0":0,"1":0,"2":0,"3":0,"4":0},"f":{"0":0,"1":0,"2":0},"b":{"0":[0,0],"1":[0,0],"2":[0,0],"3":[0,0],"4":[0,0]}}
,"/Users/akshen/Desktop/Programming/SunSuraksha/SunSuraksha/src/components/food/index.ts": {"path":"/Users/akshen/Desktop/Programming/SunSuraksha/SunSuraksha/src/components/food/index.ts","statementMap":{},"fnMap":{},"branchMap":{},"s":{},"f":{},"b":{}}
,"/Users/akshen/Desktop/Programming/SunSuraksha/SunSuraksha/src/components/home/ActionCard.tsx": {"path":"/Users/akshen/Desktop/Programming/SunSuraksha/SunSuraksha/src/components/home/ActionCard.tsx","statementMap":{"0":{"start":{"line":26,"column":20},"end":{"line":26,"column":30}},"1":{"start":{"line":28,"column":2},"end":{"line":47,"column":4}},"2":{"start":{"line":50,"column":15},"end":{"line":99,"column":2}}},"fnMap":{"0":{"name":"ActionCard","decl":{"start":{"line":19,"column":16},"end":{"line":19,"column":26}},"loc":{"start":{"line":25,"column":20},"end":{"line":48,"column":1}},"line":25}},"branchMap":{"0":{"loc":{"start":{"line":32,"column":32},"end":{"line":32,"column":68}},"type":"binary-expr","locations":[{"start":{"line":32,"column":32},"end":{"line":32,"column":41}},{"start":{"line":32,"column":45},"end":{"line":32,"column":68}}],"line":32},"1":{"loc":{"start":{"line":35,"column":9},"end":{"line":35,"column":52}},"type":"cond-expr","locations":[{"start":{"line":35,"column":21},"end":{"line":35,"column":35}},{"start":{"line":35,"column":38},"end":{"line":35,"column":52}}],"line":35},"2":{"loc":{"start":{"line":37,"column":35},"end":{"line":37,"column":68}},"type":"binary-expr","locations":[{"start":{"line":37,"column":35},"end":{"line":37,"column":44}},{"start":{"line":37,"column":48},"end":{"line":37,"column":68}}],"line":37}},"s":{"0":0,"1":0,"2":0},"f":{"0":0},"b":{"0":[0,0],"1":[0,0],"2":[0,0]}}
,"/Users/akshen/Desktop/Programming/SunSuraksha/SunSuraksha/src/components/home/HeatScoreRing.tsx": {"path":"/Users/akshen/Desktop/Programming/SunSuraksha/SunSuraksha/src/components/home/HeatScoreRing.tsx","statementMap":{"0":{"start":{"line":21,"column":16},"end":{"line":21,"column":35}},"1":{"start":{"line":22,"column":18},"end":{"line":22,"column":39}},"2":{"start":{"line":23,"column":16},"end":{"line":23,"column":35}},"3":{"start":{"line":26,"column":15},"end":{"line":26,"column":18}},"4":{"start":{"line":27,"column":22},"end":{"line":27,"column":24}},"5":{"start":{"line":28,"column":17},"end":{"line":28,"column":41}},"6":{"start":{"line":29,"column":24},"end":{"line":29,"column":44}},"7":{"start":{"line":30,"column":19},"end":{"line":30,"column":43}},"8":{"start":{"line":31,"column":27},"end":{"line":31,"column":57}},"9":{"start":{"line":33,"column":2},"end":{"line":86,"column":4}},"10":{"start":{"line":89,"column":15},"end":{"line":146,"column":2}}},"fnMap":{"0":{"name":"HeatScoreRing","decl":{"start":{"line":20,"column":16},"end":{"line":20,"column":29}},"loc":{"start":{"line":20,"column":86},"end":{"line":87,"column":1}},"line":20}},"branchMap":{"0":{"loc":{"start":{"line":36,"column":33},"end":{"line":36,"column":52}},"type":"binary-expr","locations":[{"start":{"line":36,"column":33},"end":{"line":36,"column":37}},{"start":{"line":36,"column":41},"end":{"line":36,"column":52}}],"line":36}},"s":{"0":0,"1":0,"2":0,"3":0,"4":0,"5":0,"6":0,"7":0,"8":0,"9":0,"10":0},"f":{"0":0},"b":{"0":[0,0]}}
,"/Users/akshen/Desktop/Programming/SunSuraksha/SunSuraksha/src/components/home/HourlyTimeline.tsx": {"path":"/Users/akshen/Desktop/Programming/SunSuraksha/SunSuraksha/src/components/home/HourlyTimeline.tsx","statementMap":{"0":{"start":{"line":20,"column":21},"end":{"line":25,"column":1}},"1":{"start":{"line":29,"column":2},"end":{"line":29,"column":45}},"2":{"start":{"line":29,"column":31},"end":{"line":29,"column":45}},"3":{"start":{"line":32,"column":2},"end":{"line":32,"column":45}},"4":{"start":{"line":32,"column":31},"end":{"line":32,"column":45}},"5":{"start":{"line":35,"column":2},"end":{"line":39,"column":3}},"6":{"start":{"line":36,"column":4},"end":{"line":36,"column":51}},"7":{"start":{"line":36,"column":34},"end":{"line":36,"column":51}},"8":{"start":{"line":37,"column":4},"end":{"line":37,"column":49}},"9":{"start":{"line":37,"column":33},"end":{"line":37,"column":49}},"10":{"start":{"line":38,"column":4},"end":{"line":38,"column":21}},"11":{"start":{"line":40,"column":2},"end":{"line":44,"column":3}},"12":{"start":{"line":41,"column":4},"end":{"line":41,"column":50}},"13":{"start":{"line":41,"column":34},"end":{"line":41,"column":50}},"14":{"start":{"line":42,"column":4},"end":{"line":42,"column":50}},"15":{"start":{"line":42,"column":33},"end":{"line":42,"column":50}},"16":{"start":{"line":43,"column":4},"end":{"line":43,"column":18}},"17":{"start":{"line":45,"column":2},"end":{"line":48,"column":3}},"18":{"start":{"line":46,"column":4},"end":{"line":46,"column":51}},"19":{"start":{"line":46,"column":34},"end":{"line":46,"column":51}},"20":{"start":{"line":47,"column":4},"end":{"line":47,"column":18}},"21":{"start":{"line":49,"column":2},"end":{"line":49,"column":16}},"22":{"start":{"line":53,"column":2},"end":{"line":53,"column":46}},"23":{"start":{"line":53,"column":33},"end":{"line":53,"column":46}},"24":{"start":{"line":54,"column":2},"end":{"line":54,"column":32}},"25":{"start":{"line":54,"column":19},"end":{"line":54,"column":32}},"26":{"start":{"line":55,"column":2},"end":{"line":55,"column":35}},"27":{"start":{"line":55,"column":17},"end":{"line":55,"column":35}},"28":{"start":{"line":56,"column":2},"end":{"line":56,"column":25}},"29":{"start":{"line":60,"column":22},"end":{"line":60,"column":43}},"30":{"start":{"line":63,"column":29},"end":{"line":69,"column":4}},"31":{"start":{"line":64,"column":17},"end":{"line":64,"column":39}},"32":{"start":{"line":65,"column":4},"end":{"line":68,"column":6}},"33":{"start":{"line":71,"column":2},"end":{"line":113,"column":4}},"34":{"start":{"line":97,"column":25},"end":{"line":97,"column":51}},"35":{"start":{"line":98,"column":24},"end":{"line":98,"column":35}},"36":{"start":{"line":100,"column":10},"end":{"line":109,"column":12}},"37":{"start":{"line":116,"column":15},"end":{"line":179,"column":2}}},"fnMap":{"0":{"name":"getHourSafety","decl":{"start":{"line":27,"column":9},"end":{"line":27,"column":22}},"loc":{"start":{"line":27,"column":78},"end":{"line":50,"column":1}},"line":27},"1":{"name":"formatHour","decl":{"start":{"line":52,"column":9},"end":{"line":52,"column":19}},"loc":{"start":{"line":52,"column":42},"end":{"line":57,"column":1}},"line":52},"2":{"name":"HourlyTimeline","decl":{"start":{"line":59,"column":16},"end":{"line":59,"column":30}},"loc":{"start":{"line":59,"column":68},"end":{"line":114,"column":1}},"line":59},"3":{"name":"(anonymous_3)","decl":{"start":{"line":63,"column":56},"end":{"line":63,"column":57}},"loc":{"start":{"line":63,"column":66},"end":{"line":69,"column":3}},"line":63},"4":{"name":"(anonymous_4)","decl":{"start":{"line":96,"column":19},"end":{"line":96,"column":20}},"loc":{"start":{"line":96,"column":37},"end":{"line":110,"column":9}},"line":96}},"branchMap":{"0":{"loc":{"start":{"line":29,"column":2},"end":{"line":29,"column":45}},"type":"if","locations":[{"start":{"line":29,"column":2},"end":{"line":29,"column":45}},{"start":{},"end":{}}],"line":29},"1":{"loc":{"start":{"line":29,"column":6},"end":{"line":29,"column":29}},"type":"binary-expr","locations":[{"start":{"line":29,"column":6},"end":{"line":29,"column":16}},{"start":{"line":29,"column":20},"end":{"line":29,"column":29}}],"line":29},"2":{"loc":{"start":{"line":32,"column":2},"end":{"line":32,"column":45}},"type":"if","locations":[{"start":{"line":32,"column":2},"end":{"line":32,"column":45}},{"start":{},"end":{}}],"line":32},"3":{"loc":{"start":{"line":32,"column":6},"end":{"line":32,"column":29}},"type":"binary-expr","locations":[{"start":{"line":32,"column":6},"end":{"line":32,"column":15}},{"start":{"line":32,"column":19},"end":{"line":32,"column":29}}],"line":32},"4":{"loc":{"start":{"line":35,"column":2},"end":{"line":39,"column":3}},"type":"if","locations":[{"start":{"line":35,"column":2},"end":{"line":39,"column":3}},{"start":{},"end":{}}],"line":35},"5":{"loc":{"start":{"line":36,"column":4},"end":{"line":36,"column":51}},"type":"if","locations":[{"start":{"line":36,"column":4},"end":{"line":36,"column":51}},{"start":{},"end":{}}],"line":36},"6":{"loc":{"start":{"line":36,"column":8},"end":{"line":36,"column":32}},"type":"binary-expr","locations":[{"start":{"line":36,"column":8},"end":{"line":36,"column":18}},{"start":{"line":36,"column":22},"end":{"line":36,"column":32}}],"line":36},"7":{"loc":{"start":{"line":37,"column":4},"end":{"line":37,"column":49}},"type":"if","locations":[{"start":{"line":37,"column":4},"end":{"line":37,"column":49}},{"start":{},"end":{}}],"line":37},"8":{"loc":{"start":{"line":37,"column":8},"end":{"line":37,"column":31}},"type":"binary-expr","locations":[{"start":{"line":37,"column":8},"end":{"line":37,"column":17}},{"start":{"line":37,"column":21},"end":{"line":37,"column":31}}],"line":37},"9":{"loc":{"start":{"line":40,"column":2},"end":{"line":44,"column":3}},"type":"if","locations":[{"start":{"line":40,"column":2},"end":{"line":44,"column":3}},{"start":{},"end":{}}],"line":40},"10":{"loc":{"start":{"line":41,"column":4},"end":{"line":41,"column":50}},"type":"if","locations":[{"start":{"line":41,"column":4},"end":{"line":41,"column":50}},{"start":{},"end":{}}],"line":41},"11":{"loc":{"start":{"line":41,"column":8},"end":{"line":41,"column":32}},"type":"binary-expr","locations":[{"start":{"line":41,"column":8},"end":{"line":41,"column":18}},{"start":{"line":41,"column":22},"end":{"line":41,"column":32}}],"line":41},"12":{"loc":{"start":{"line":42,"column":4},"end":{"line":42,"column":50}},"type":"if","locations":[{"start":{"line":42,"column":4},"end":{"line":42,"column":50}},{"start":{},"end":{}}],"line":42},"13":{"loc":{"start":{"line":42,"column":8},"end":{"line":42,"column":31}},"type":"binary-expr","locations":[{"start":{"line":42,"column":8},"end":{"line":42,"column":17}},{"start":{"line":42,"column":21},"end":{"line":42,"column":31}}],"line":42},"14":{"loc":{"start":{"line":45,"column":2},"end":{"line":48,"column":3}},"type":"if","locations":[{"start":{"line":45,"column":2},"end":{"line":48,"column":3}},{"start":{},"end":{}}],"line":45},"15":{"loc":{"start":{"line":46,"column":4},"end":{"line":46,"column":51}},"type":"if","locations":[{"start":{"line":46,"column":4},"end":{"line":46,"column":51}},{"start":{},"end":{}}],"line":46},"16":{"loc":{"start":{"line":46,"column":8},"end":{"line":46,"column":32}},"type":"binary-expr","locations":[{"start":{"line":46,"column":8},"end":{"line":46,"column":18}},{"start":{"line":46,"column":22},"end":{"line":46,"column":32}}],"line":46},"17":{"loc":{"start":{"line":53,"column":2},"end":{"line":53,"column":46}},"type":"if","locations":[{"start":{"line":53,"column":2},"end":{"line":53,"column":46}},{"start":{},"end":{}}],"line":53},"18":{"loc":{"start":{"line":53,"column":6},"end":{"line":53,"column":31}},"type":"binary-expr","locations":[{"start":{"line":53,"column":6},"end":{"line":53,"column":16}},{"start":{"line":53,"column":20},"end":{"line":53,"column":31}}],"line":53},"19":{"loc":{"start":{"line":54,"column":2},"end":{"line":54,"column":32}},"type":"if","locations":[{"start":{"line":54,"column":2},"end":{"line":54,"column":32}},{"start":{},"end":{}}],"line":54},"20":{"loc":{"start":{"line":55,"column":2},"end":{"line":55,"column":35}},"type":"if","locations":[{"start":{"line":55,"column":2},"end":{"line":55,"column":35}},{"start":{},"end":{}}],"line":55},"21":{"loc":{"start":{"line":105,"column":46},"end":{"line":105,"column":74}},"type":"binary-expr","locations":[{"start":{"line":105,"column":46},"end":{"line":105,"column":51}},{"start":{"line":105,"column":55},"end":{"line":105,"column":74}}],"line":105},"22":{"loc":{"start":{"line":106,"column":17},"end":{"line":106,"column":55}},"type":"cond-expr","locations":[{"start":{"line":106,"column":25},"end":{"line":106,"column":30}},{"start":{"line":106,"column":33},"end":{"line":106,"column":55}}],"line":106}},"s":{"0":0,"1":0,"2":0,"3":0,"4":0,"5":0,"6":0,"7":0,"8":0,"9":0,"10":0,"11":0,"12":0,"13":0,"14":0,"15":0,"16":0,"17":0,"18":0,"19":0,"20":0,"21":0,"22":0,"23":0,"24":0,"25":0,"26":0,"27":0,"28":0,"29":0,"30":0,"31":0,"32":0,"33":0,"34":0,"35":0,"36":0,"37":0},"f":{"0":0,"1":0,"2":0,"3":0,"4":0},"b":{"0":[0,0],"1":[0,0],"2":[0,0],"3":[0,0],"4":[0,0],"5":[0,0],"6":[0,0],"7":[0,0],"8":[0,0],"9":[0,0],"10":[0,0],"11":[0,0],"12":[0,0],"13":[0,0],"14":[0,0],"15":[0,0],"16":[0,0],"17":[0,0],"18":[0,0],"19":[0,0],"20":[0,0],"21":[0,0],"22":[0,0]}}
,"/Users/akshen/Desktop/Programming/SunSuraksha/SunSuraksha/src/components/home/QuickActions.tsx": {"path":"/Users/akshen/Desktop/Programming/SunSuraksha/SunSuraksha/src/components/home/QuickActions.tsx","statementMap":{"0":{"start":{"line":18,"column":17},"end":{"line":18,"column":28}},"1":{"start":{"line":20,"column":33},"end":{"line":41,"column":3}},"2":{"start":{"line":24,"column":21},"end":{"line":24,"column":53}},"3":{"start":{"line":29,"column":21},"end":{"line":29,"column":48}},"4":{"start":{"line":34,"column":21},"end":{"line":34,"column":40}},"5":{"start":{"line":39,"column":21},"end":{"line":39,"column":51}},"6":{"start":{"line":43,"column":2},"end":{"line":57,"column":4}},"7":{"start":{"line":46,"column":8},"end":{"line":54,"column":27}},"8":{"start":{"line":60,"column":15},"end":{"line":85,"column":2}}},"fnMap":{"0":{"name":"QuickActions","decl":{"start":{"line":17,"column":16},"end":{"line":17,"column":28}},"loc":{"start":{"line":17,"column":31},"end":{"line":58,"column":1}},"line":17},"1":{"name":"(anonymous_1)","decl":{"start":{"line":24,"column":15},"end":{"line":24,"column":16}},"loc":{"start":{"line":24,"column":21},"end":{"line":24,"column":53}},"line":24},"2":{"name":"(anonymous_2)","decl":{"start":{"line":29,"column":15},"end":{"line":29,"column":16}},"loc":{"start":{"line":29,"column":21},"end":{"line":29,"column":48}},"line":29},"3":{"name":"(anonymous_3)","decl":{"start":{"line":34,"column":15},"end":{"line":34,"column":16}},"loc":{"start":{"line":34,"column":21},"end":{"line":34,"column":40}},"line":34},"4":{"name":"(anonymous_4)","decl":{"start":{"line":39,"column":15},"end":{"line":39,"column":16}},"loc":{"start":{"line":39,"column":21},"end":{"line":39,"column":51}},"line":39},"5":{"name":"(anonymous_5)","decl":{"start":{"line":45,"column":19},"end":{"line":45,"column":20}},"loc":{"start":{"line":46,"column":8},"end":{"line":54,"column":27}},"line":46}},"branchMap":{},"s":{"0":0,"1":0,"2":0,"3":0,"4":0,"5":0,"6":0,"7":0,"8":0},"f":{"0":0,"1":0,"2":0,"3":0,"4":0,"5":0},"b":{}}
,"/Users/akshen/Desktop/Programming/SunSuraksha/SunSuraksha/src/components/home/WeatherMini.tsx": {"path":"/Users/akshen/Desktop/Programming/SunSuraksha/SunSuraksha/src/components/home/WeatherMini.tsx","statementMap":{"0":{"start":{"line":17,"column":2},"end":{"line":23,"column":4}},"1":{"start":{"line":27,"column":18},"end":{"line":27,"column":132}},"2":{"start":{"line":29,"column":2},"end":{"line":37,"column":4}},"3":{"start":{"line":40,"column":15},"end":{"line":74,"column":2}}},"fnMap":{"0":{"name":"StatItem","decl":{"start":{"line":16,"column":9},"end":{"line":16,"column":17}},"loc":{"start":{"line":16,"column":92},"end":{"line":24,"column":1}},"line":16},"1":{"name":"WeatherMini","decl":{"start":{"line":26,"column":16},"end":{"line":26,"column":27}},"loc":{"start":{"line":26,"column":80},"end":{"line":38,"column":1}},"line":26}},"branchMap":{"0":{"loc":{"start":{"line":27,"column":18},"end":{"line":27,"column":132}},"type":"cond-expr","locations":[{"start":{"line":27,"column":34},"end":{"line":27,"column":43}},{"start":{"line":27,"column":46},"end":{"line":27,"column":132}}],"line":27},"1":{"loc":{"start":{"line":27,"column":46},"end":{"line":27,"column":132}},"type":"cond-expr","locations":[{"start":{"line":27,"column":61},"end":{"line":27,"column":72}},{"start":{"line":27,"column":75},"end":{"line":27,"column":132}}],"line":27},"2":{"loc":{"start":{"line":27,"column":75},"end":{"line":27,"column":132}},"type":"cond-expr","locations":[{"start":{"line":27,"column":90},"end":{"line":27,"column":96}},{"start":{"line":27,"column":99},"end":{"line":27,"column":132}}],"line":27},"3":{"loc":{"start":{"line":27,"column":99},"end":{"line":27,"column":132}},"type":"cond-expr","locations":[{"start":{"line":27,"column":114},"end":{"line":27,"column":124}},{"start":{"line":27,"column":127},"end":{"line":27,"column":132}}],"line":27}},"s":{"0":0,"1":0,"2":0,"3":0},"f":{"0":0,"1":0},"b":{"0":[0,0],"1":[0,0],"2":[0,0],"3":[0,0]}}
,"/Users/akshen/Desktop/Programming/SunSuraksha/SunSuraksha/src/components/home/index.ts": {"path":"/Users/akshen/Desktop/Programming/SunSuraksha/SunSuraksha/src/components/home/index.ts","statementMap":{},"fnMap":{},"branchMap":{},"s":{},"f":{},"b":{}}
,"/Users/akshen/Desktop/Programming/SunSuraksha/SunSuraksha/src/components/hydration/CustomAmountModal.tsx": {"path":"/Users/akshen/Desktop/Programming/SunSuraksha/SunSuraksha/src/components/hydration/CustomAmountModal.tsx","statementMap":{"0":{"start":{"line":27,"column":30},"end":{"line":27,"column":42}},"1":{"start":{"line":30,"column":15},"end":{"line":30,"column":35}},"2":{"start":{"line":31,"column":4},"end":{"line":35,"column":5}},"3":{"start":{"line":32,"column":6},"end":{"line":32,"column":16}},"4":{"start":{"line":33,"column":6},"end":{"line":33,"column":20}},"5":{"start":{"line":34,"column":6},"end":{"line":34,"column":16}},"6":{"start":{"line":39,"column":4},"end":{"line":39,"column":18}},"7":{"start":{"line":40,"column":4},"end":{"line":40,"column":14}},"8":{"start":{"line":43,"column":2},"end":{"line":87,"column":4}},"9":{"start":{"line":61,"column":38},"end":{"line":61,"column":76}},"10":{"start":{"line":90,"column":15},"end":{"line":174,"column":2}}},"fnMap":{"0":{"name":"CustomAmountModal","decl":{"start":{"line":26,"column":16},"end":{"line":26,"column":33}},"loc":{"start":{"line":26,"column":87},"end":{"line":88,"column":1}},"line":26},"1":{"name":"handleAdd","decl":{"start":{"line":29,"column":11},"end":{"line":29,"column":20}},"loc":{"start":{"line":29,"column":23},"end":{"line":36,"column":3}},"line":29},"2":{"name":"handleClose","decl":{"start":{"line":38,"column":11},"end":{"line":38,"column":22}},"loc":{"start":{"line":38,"column":25},"end":{"line":41,"column":3}},"line":38},"3":{"name":"(anonymous_3)","decl":{"start":{"line":61,"column":28},"end":{"line":61,"column":29}},"loc":{"start":{"line":61,"column":38},"end":{"line":61,"column":76}},"line":61}},"branchMap":{"0":{"loc":{"start":{"line":31,"column":4},"end":{"line":35,"column":5}},"type":"if","locations":[{"start":{"line":31,"column":4},"end":{"line":35,"column":5}},{"start":{},"end":{}}],"line":31},"1":{"loc":{"start":{"line":31,"column":8},"end":{"line":31,"column":28}},"type":"binary-expr","locations":[{"start":{"line":31,"column":8},"end":{"line":31,"column":14}},{"start":{"line":31,"column":18},"end":{"line":31,"column":28}}],"line":31},"2":{"loc":{"start":{"line":46,"column":18},"end":{"line":46,"column":62}},"type":"cond-expr","locations":[{"start":{"line":46,"column":42},"end":{"line":46,"column":51}},{"start":{"line":46,"column":54},"end":{"line":46,"column":62}}],"line":46},"3":{"loc":{"start":{"line":76,"column":40},"end":{"line":76,"column":75}},"type":"binary-expr","locations":[{"start":{"line":76,"column":40},"end":{"line":76,"column":47}},{"start":{"line":76,"column":51},"end":{"line":76,"column":75}}],"line":76},"4":{"loc":{"start":{"line":81,"column":48},"end":{"line":81,"column":75}},"type":"cond-expr","locations":[{"start":{"line":81,"column":57},"end":{"line":81,"column":70}},{"start":{"line":81,"column":73},"end":{"line":81,"column":75}}],"line":81}},"s":{"0":0,"1":0,"2":0,"3":0,"4":0,"5":0,"6":0,"7":0,"8":0,"9":0,"10":0},"f":{"0":0,"1":0,"2":0,"3":0},"b":{"0":[0,0],"1":[0,0],"2":[0,0],"3":[0,0],"4":[0,0]}}
,"/Users/akshen/Desktop/Programming/SunSuraksha/SunSuraksha/src/components/hydration/HydrationLogList.tsx": {"path":"/Users/akshen/Desktop/Programming/SunSuraksha/SunSuraksha/src/components/hydration/HydrationLogList.tsx","statementMap":{"0":{"start":{"line":23,"column":15},"end":{"line":23,"column":34}},"1":{"start":{"line":24,"column":2},"end":{"line":28,"column":5}},"2":{"start":{"line":32,"column":2},"end":{"line":32,"column":29}},"3":{"start":{"line":32,"column":17},"end":{"line":32,"column":29}},"4":{"start":{"line":33,"column":2},"end":{"line":33,"column":29}},"5":{"start":{"line":33,"column":17},"end":{"line":33,"column":29}},"6":{"start":{"line":34,"column":2},"end":{"line":34,"column":14}},"7":{"start":{"line":38,"column":2},"end":{"line":46,"column":3}},"8":{"start":{"line":39,"column":4},"end":{"line":45,"column":6}},"9":{"start":{"line":48,"column":2},"end":{"line":69,"column":4}},"10":{"start":{"line":52,"column":8},"end":{"line":66,"column":15}},"11":{"start":{"line":60,"column":29},"end":{"line":60,"column":45}},"12":{"start":{"line":72,"column":15},"end":{"line":133,"column":2}}},"fnMap":{"0":{"name":"formatTime","decl":{"start":{"line":22,"column":9},"end":{"line":22,"column":19}},"loc":{"start":{"line":22,"column":47},"end":{"line":29,"column":1}},"line":22},"1":{"name":"getEmojiForAmount","decl":{"start":{"line":31,"column":9},"end":{"line":31,"column":26}},"loc":{"start":{"line":31,"column":47},"end":{"line":35,"column":1}},"line":31},"2":{"name":"HydrationLogList","decl":{"start":{"line":37,"column":16},"end":{"line":37,"column":32}},"loc":{"start":{"line":37,"column":76},"end":{"line":70,"column":1}},"line":37},"3":{"name":"(anonymous_3)","decl":{"start":{"line":51,"column":16},"end":{"line":51,"column":17}},"loc":{"start":{"line":52,"column":8},"end":{"line":66,"column":15}},"line":52},"4":{"name":"(anonymous_4)","decl":{"start":{"line":60,"column":23},"end":{"line":60,"column":24}},"loc":{"start":{"line":60,"column":29},"end":{"line":60,"column":45}},"line":60}},"branchMap":{"0":{"loc":{"start":{"line":32,"column":2},"end":{"line":32,"column":29}},"type":"if","locations":[{"start":{"line":32,"column":2},"end":{"line":32,"column":29}},{"start":{},"end":{}}],"line":32},"1":{"loc":{"start":{"line":33,"column":2},"end":{"line":33,"column":29}},"type":"if","locations":[{"start":{"line":33,"column":2},"end":{"line":33,"column":29}},{"start":{},"end":{}}],"line":33},"2":{"loc":{"start":{"line":38,"column":2},"end":{"line":46,"column":3}},"type":"if","locations":[{"start":{"line":38,"column":2},"end":{"line":46,"column":3}},{"start":{},"end":{}}],"line":38},"3":{"loc":{"start":{"line":58,"column":11},"end":{"line":65,"column":11}},"type":"binary-expr","locations":[{"start":{"line":58,"column":11},"end":{"line":58,"column":19}},{"start":{"line":59,"column":12},"end":{"line":64,"column":31}}],"line":58}},"s":{"0":0,"1":0,"2":0,"3":0,"4":0,"5":0,"6":0,"7":0,"8":0,"9":0,"10":0,"11":0,"12":0},"f":{"0":0,"1":0,"2":0,"3":0,"4":0},"b":{"0":[0,0],"1":[0,0],"2":[0,0],"3":[0,0]}}
,"/Users/akshen/Desktop/Programming/SunSuraksha/SunSuraksha/src/components/hydration/QuickAddButtons.tsx": {"path":"/Users/akshen/Desktop/Programming/SunSuraksha/SunSuraksha/src/components/hydration/QuickAddButtons.tsx","statementMap":{"0":{"start":{"line":15,"column":16},"end":{"line":19,"column":1}},"1":{"start":{"line":22,"column":2},"end":{"line":47,"column":4}},"2":{"start":{"line":27,"column":10},"end":{"line":35,"column":29}},"3":{"start":{"line":30,"column":27},"end":{"line":30,"column":43}},"4":{"start":{"line":50,"column":15},"end":{"line":87,"column":2}}},"fnMap":{"0":{"name":"QuickAddButtons","decl":{"start":{"line":21,"column":16},"end":{"line":21,"column":31}},"loc":{"start":{"line":21,"column":75},"end":{"line":48,"column":1}},"line":21},"1":{"name":"(anonymous_1)","decl":{"start":{"line":26,"column":21},"end":{"line":26,"column":22}},"loc":{"start":{"line":27,"column":10},"end":{"line":35,"column":29}},"line":27},"2":{"name":"(anonymous_2)","decl":{"start":{"line":30,"column":21},"end":{"line":30,"column":22}},"loc":{"start":{"line":30,"column":27},"end":{"line":30,"column":43}},"line":30}},"branchMap":{},"s":{"0":0,"1":0,"2":0,"3":0,"4":0},"f":{"0":0,"1":0,"2":0},"b":{}}
,"/Users/akshen/Desktop/Programming/SunSuraksha/SunSuraksha/src/components/hydration/WaterProgressRing.tsx": {"path":"/Users/akshen/Desktop/Programming/SunSuraksha/SunSuraksha/src/components/hydration/WaterProgressRing.tsx","statementMap":{"0":{"start":{"line":18,"column":21},"end":{"line":18,"column":74}},"1":{"start":{"line":19,"column":21},"end":{"line":19,"column":40}},"2":{"start":{"line":22,"column":15},"end":{"line":22,"column":18}},"3":{"start":{"line":23,"column":22},"end":{"line":23,"column":24}},"4":{"start":{"line":24,"column":17},"end":{"line":24,"column":41}},"5":{"start":{"line":25,"column":24},"end":{"line":25,"column":44}},"6":{"start":{"line":26,"column":19},"end":{"line":26,"column":50}},"7":{"start":{"line":27,"column":27},"end":{"line":27,"column":57}},"8":{"start":{"line":29,"column":20},"end":{"line":29,"column":56}},"9":{"start":{"line":30,"column":17},"end":{"line":30,"column":55}},"10":{"start":{"line":32,"column":2},"end":{"line":94,"column":4}},"11":{"start":{"line":97,"column":15},"end":{"line":152,"column":2}}},"fnMap":{"0":{"name":"WaterProgressRing","decl":{"start":{"line":17,"column":16},"end":{"line":17,"column":33}},"loc":{"start":{"line":17,"column":81},"end":{"line":95,"column":1}},"line":17}},"branchMap":{"0":{"loc":{"start":{"line":29,"column":20},"end":{"line":29,"column":56}},"type":"cond-expr","locations":[{"start":{"line":29,"column":33},"end":{"line":29,"column":44}},{"start":{"line":29,"column":47},"end":{"line":29,"column":56}}],"line":29},"1":{"loc":{"start":{"line":30,"column":17},"end":{"line":30,"column":55}},"type":"cond-expr","locations":[{"start":{"line":30,"column":30},"end":{"line":30,"column":43}},{"start":{"line":30,"column":46},"end":{"line":30,"column":55}}],"line":30},"2":{"loc":{"start":{"line":63,"column":38},"end":{"line":63,"column":62}},"type":"cond-expr","locations":[{"start":{"line":63,"column":51},"end":{"line":63,"column":55}},{"start":{"line":63,"column":58},"end":{"line":63,"column":62}}],"line":63},"3":{"loc":{"start":{"line":72,"column":13},"end":{"line":72,"column":81}},"type":"cond-expr","locations":[{"start":{"line":72,"column":31},"end":{"line":72,"column":64}},{"start":{"line":72,"column":67},"end":{"line":72,"column":81}}],"line":72},"4":{"loc":{"start":{"line":79,"column":13},"end":{"line":79,"column":84}},"type":"cond-expr","locations":[{"start":{"line":79,"column":32},"end":{"line":79,"column":66}},{"start":{"line":79,"column":69},"end":{"line":79,"column":84}}],"line":79},"5":{"loc":{"start":{"line":87,"column":9},"end":{"line":91,"column":61}},"type":"cond-expr","locations":[{"start":{"line":88,"column":12},"end":{"line":88,"column":51}},{"start":{"line":89,"column":12},"end":{"line":91,"column":61}}],"line":87},"6":{"loc":{"start":{"line":89,"column":12},"end":{"line":91,"column":61}},"type":"cond-expr","locations":[{"start":{"line":90,"column":12},"end":{"line":90,"column":45}},{"start":{"line":91,"column":12},"end":{"line":91,"column":61}}],"line":89}},"s":{"0":0,"1":0,"2":0,"3":0,"4":0,"5":0,"6":0,"7":0,"8":0,"9":0,"10":0,"11":0},"f":{"0":0},"b":{"0":[0,0],"1":[0,0],"2":[0,0],"3":[0,0],"4":[0,0],"5":[0,0],"6":[0,0]}}
,"/Users/akshen/Desktop/Programming/SunSuraksha/SunSuraksha/src/components/hydration/index.ts": {"path":"/Users/akshen/Desktop/Programming/SunSuraksha/SunSuraksha/src/components/hydration/index.ts","statementMap":{},"fnMap":{},"branchMap":{},"s":{},"f":{},"b":{}}
,"/Users/akshen/Desktop/Programming/SunSuraksha/SunSuraksha/src/components/planner/TimeBlockCard.tsx": {"path":"/Users/akshen/Desktop/Programming/SunSuraksha/SunSuraksha/src/components/planner/TimeBlockCard.tsx","statementMap":{"0":{"start":{"line":23,"column":97},"end":{"line":28,"column":1}},"1":{"start":{"line":31,"column":2},"end":{"line":31,"column":45}},"2":{"start":{"line":31,"column":27},"end":{"line":31,"column":45}},"3":{"start":{"line":32,"column":2},"end":{"line":32,"column":34}},"4":{"start":{"line":32,"column":16},"end":{"line":32,"column":34}},"5":{"start":{"line":33,"column":2},"end":{"line":33,"column":34}},"6":{"start":{"line":33,"column":14},"end":{"line":33,"column":34}},"7":{"start":{"line":34,"column":2},"end":{"line":34,"column":27}},"8":{"start":{"line":46,"column":17},"end":{"line":46,"column":37}},"9":{"start":{"line":48,"column":2},"end":{"line":90,"column":4}},"10":{"start":{"line":82,"column":14},"end":{"line":84,"column":21}},"11":{"start":{"line":93,"column":15},"end":{"line":182,"column":2}}},"fnMap":{"0":{"name":"formatHour","decl":{"start":{"line":30,"column":9},"end":{"line":30,"column":19}},"loc":{"start":{"line":30,"column":39},"end":{"line":35,"column":1}},"line":30},"1":{"name":"TimeBlockCard","decl":{"start":{"line":37,"column":16},"end":{"line":37,"column":29}},"loc":{"start":{"line":45,"column":23},"end":{"line":91,"column":1}},"line":45},"2":{"name":"(anonymous_2)","decl":{"start":{"line":81,"column":28},"end":{"line":81,"column":29}},"loc":{"start":{"line":82,"column":14},"end":{"line":84,"column":21}},"line":82}},"branchMap":{"0":{"loc":{"start":{"line":31,"column":2},"end":{"line":31,"column":45}},"type":"if","locations":[{"start":{"line":31,"column":2},"end":{"line":31,"column":45}},{"start":{},"end":{}}],"line":31},"1":{"loc":{"start":{"line":31,"column":6},"end":{"line":31,"column":25}},"type":"binary-expr","locations":[{"start":{"line":31,"column":6},"end":{"line":31,"column":13}},{"start":{"line":31,"column":17},"end":{"line":31,"column":25}}],"line":31},"2":{"loc":{"start":{"line":32,"column":2},"end":{"line":32,"column":34}},"type":"if","locations":[{"start":{"line":32,"column":2},"end":{"line":32,"column":34}},{"start":{},"end":{}}],"line":32},"3":{"loc":{"start":{"line":33,"column":2},"end":{"line":33,"column":34}},"type":"if","locations":[{"start":{"line":33,"column":2},"end":{"line":33,"column":34}},{"start":{},"end":{}}],"line":33},"4":{"loc":{"start":{"line":49,"column":36},"end":{"line":49,"column":64}},"type":"binary-expr","locations":[{"start":{"line":49,"column":36},"end":{"line":49,"column":41}},{"start":{"line":49,"column":45},"end":{"line":49,"column":64}}],"line":49},"5":{"loc":{"start":{"line":60,"column":13},"end":{"line":64,"column":13}},"type":"binary-expr","locations":[{"start":{"line":60,"column":13},"end":{"line":60,"column":18}},{"start":{"line":61,"column":14},"end":{"line":63,"column":21}}],"line":60},"6":{"loc":{"start":{"line":79,"column":9},"end":{"line":87,"column":9}},"type":"binary-expr","locations":[{"start":{"line":79,"column":9},"end":{"line":79,"column":30}},{"start":{"line":80,"column":10},"end":{"line":86,"column":17}}],"line":79}},"s":{"0":0,"1":0,"2":0,"3":0,"4":0,"5":0,"6":0,"7":0,"8":0,"9":0,"10":0,"11":0},"f":{"0":0,"1":0,"2":0},"b":{"0":[0,0],"1":[0,0],"2":[0,0],"3":[0,0],"4":[0,0],"5":[0,0],"6":[0,0]}}
,"/Users/akshen/Desktop/Programming/SunSuraksha/SunSuraksha/src/components/planner/index.ts": {"path":"/Users/akshen/Desktop/Programming/SunSuraksha/SunSuraksha/src/components/planner/index.ts","statementMap":{},"fnMap":{},"branchMap":{},"s":{},"f":{},"b":{}}
,"/Users/akshen/Desktop/Programming/SunSuraksha/SunSuraksha/src/constants/config.ts": {"path":"/Users/akshen/Desktop/Programming/SunSuraksha/SunSuraksha/src/constants/config.ts","statementMap":{"0":{"start":{"line":13,"column":22},"end":{"line":44,"column":10}}},"fnMap":{},"branchMap":{"0":{"loc":{"start":{"line":15,"column":16},"end":{"line":15,"column":58}},"type":"binary-expr","locations":[{"start":{"line":15,"column":16},"end":{"line":15,"column":52}},{"start":{"line":15,"column":56},"end":{"line":15,"column":58}}],"line":15},"1":{"loc":{"start":{"line":16,"column":21},"end":{"line":16,"column":68}},"type":"binary-expr","locations":[{"start":{"line":16,"column":21},"end":{"line":16,"column":62}},{"start":{"line":16,"column":66},"end":{"line":16,"column":68}}],"line":16},"2":{"loc":{"start":{"line":17,"column":23},"end":{"line":17,"column":72}},"type":"binary-expr","locations":[{"start":{"line":17,"column":23},"end":{"line":17,"column":66}},{"start":{"line":17,"column":70},"end":{"line":17,"column":72}}],"line":17}},"s":{"0":1},"f":{},"b":{"0":[1,1],"1":[1,1],"2":[1,1]},"_coverageSchema":"1a1c01bbd47fc00a2c39e90264f33305004495a9","hash":"064da2e744e6058cfde847ed6b930a5bf4ef039d"}
,"/Users/akshen/Desktop/Programming/SunSuraksha/SunSuraksha/src/constants/theme.ts": {"path":"/Users/akshen/Desktop/Programming/SunSuraksha/SunSuraksha/src/constants/theme.ts","statementMap":{"0":{"start":{"line":8,"column":22},"end":{"line":46,"column":10}},"1":{"start":{"line":49,"column":23},"end":{"line":59,"column":10}},"2":{"start":{"line":62,"column":28},"end":{"line":68,"column":10}},"3":{"start":{"line":71,"column":26},"end":{"line":106,"column":10}},"4":{"start":{"line":109,"column":23},"end":{"line":131,"column":10}},"5":{"start":{"line":139,"column":2},"end":{"line":139,"column":38}},"6":{"start":{"line":139,"column":19},"end":{"line":139,"column":38}},"7":{"start":{"line":140,"column":2},"end":{"line":140,"column":42}},"8":{"start":{"line":140,"column":19},"end":{"line":140,"column":42}},"9":{"start":{"line":141,"column":2},"end":{"line":141,"column":40}},"10":{"start":{"line":141,"column":19},"end":{"line":141,"column":40}},"11":{"start":{"line":142,"column":2},"end":{"line":142,"column":24}},"12":{"start":{"line":146,"column":2},"end":{"line":146,"column":40}},"13":{"start":{"line":146,"column":19},"end":{"line":146,"column":40}},"14":{"start":{"line":147,"column":2},"end":{"line":147,"column":44}},"15":{"start":{"line":147,"column":19},"end":{"line":147,"column":44}},"16":{"start":{"line":148,"column":2},"end":{"line":148,"column":42}},"17":{"start":{"line":148,"column":19},"end":{"line":148,"column":42}},"18":{"start":{"line":149,"column":2},"end":{"line":149,"column":26}},"19":{"start":{"line":153,"column":2},"end":{"line":153,"column":33}},"20":{"start":{"line":153,"column":19},"end":{"line":153,"column":33}},"21":{"start":{"line":154,"column":2},"end":{"line":154,"column":37}},"22":{"start":{"line":154,"column":19},"end":{"line":154,"column":37}},"23":{"start":{"line":155,"column":2},"end":{"line":155,"column":35}},"24":{"start":{"line":155,"column":19},"end":{"line":155,"column":35}},"25":{"start":{"line":156,"column":2},"end":{"line":156,"column":19}}},"fnMap":{"0":{"name":"getHeatColor","decl":{"start":{"line":138,"column":16},"end":{"line":138,"column":28}},"loc":{"start":{"line":138,"column":52},"end":{"line":143,"column":1}},"line":138},"1":{"name":"getHeatBgColor","decl":{"start":{"line":145,"column":16},"end":{"line":145,"column":30}},"loc":{"start":{"line":145,"column":54},"end":{"line":150,"column":1}},"line":145},"2":{"name":"getHeatLabel","decl":{"start":{"line":152,"column":16},"end":{"line":152,"column":28}},"loc":{"start":{"line":152,"column":52},"end":{"line":157,"column":1}},"line":152}},"branchMap":{"0":{"loc":{"start":{"line":139,"column":2},"end":{"line":139,"column":38}},"type":"if","locations":[{"start":{"line":139,"column":2},"end":{"line":139,"column":38}},{"start":{},"end":{}}],"line":139},"1":{"loc":{"start":{"line":140,"column":2},"end":{"line":140,"column":42}},"type":"if","locations":[{"start":{"line":140,"column":2},"end":{"line":140,"column":42}},{"start":{},"end":{}}],"line":140},"2":{"loc":{"start":{"line":141,"column":2},"end":{"line":141,"column":40}},"type":"if","locations":[{"start":{"line":141,"column":2},"end":{"line":141,"column":40}},{"start":{},"end":{}}],"line":141},"3":{"loc":{"start":{"line":146,"column":2},"end":{"line":146,"column":40}},"type":"if","locations":[{"start":{"line":146,"column":2},"end":{"line":146,"column":40}},{"start":{},"end":{}}],"line":146},"4":{"loc":{"start":{"line":147,"column":2},"end":{"line":147,"column":44}},"type":"if","locations":[{"start":{"line":147,"column":2},"end":{"line":147,"column":44}},{"start":{},"end":{}}],"line":147},"5":{"loc":{"start":{"line":148,"column":2},"end":{"line":148,"column":42}},"type":"if","locations":[{"start":{"line":148,"column":2},"end":{"line":148,"column":42}},{"start":{},"end":{}}],"line":148},"6":{"loc":{"start":{"line":153,"column":2},"end":{"line":153,"column":33}},"type":"if","locations":[{"start":{"line":153,"column":2},"end":{"line":153,"column":33}},{"start":{},"end":{}}],"line":153},"7":{"loc":{"start":{"line":154,"column":2},"end":{"line":154,"column":37}},"type":"if","locations":[{"start":{"line":154,"column":2},"end":{"line":154,"column":37}},{"start":{},"end":{}}],"line":154},"8":{"loc":{"start":{"line":155,"column":2},"end":{"line":155,"column":35}},"type":"if","locations":[{"start":{"line":155,"column":2},"end":{"line":155,"column":35}},{"start":{},"end":{}}],"line":155}},"s":{"0":6,"1":6,"2":6,"3":6,"4":6,"5":46,"6":12,"7":34,"8":14,"9":20,"10":11,"11":9,"12":38,"13":10,"14":28,"15":12,"16":16,"17":9,"18":7,"19":42,"20":11,"21":31,"22":13,"23":18,"24":10,"25":8},"f":{"0":46,"1":38,"2":42},"b":{"0":[12,34],"1":[14,20],"2":[11,9],"3":[10,28],"4":[12,16],"5":[9,7],"6":[11,31],"7":[13,18],"8":[10,8]},"_coverageSchema":"1a1c01bbd47fc00a2c39e90264f33305004495a9","hash":"83814342e6b629a564e58337c4d24b0c54ffb0b4"}
,"/Users/akshen/Desktop/Programming/SunSuraksha/SunSuraksha/src/data/foodData.ts": {"path":"/Users/akshen/Desktop/Programming/SunSuraksha/SunSuraksha/src/data/foodData.ts","statementMap":{"0":{"start":{"line":28,"column":11},"end":{"line":28,"column":44}},"1":{"start":{"line":34,"column":2},"end":{"line":34,"column":18}},"2":{"start":{"line":39,"column":2},"end":{"line":41,"column":4}},"3":{"start":{"line":40,"column":11},"end":{"line":40,"column":81}},"4":{"start":{"line":46,"column":2},"end":{"line":46,"column":72}},"5":{"start":{"line":46,"column":32},"end":{"line":46,"column":70}},"6":{"start":{"line":51,"column":2},"end":{"line":51,"column":54}},"7":{"start":{"line":51,"column":32},"end":{"line":51,"column":52}},"8":{"start":{"line":56,"column":2},"end":{"line":56,"column":43}},"9":{"start":{"line":56,"column":30},"end":{"line":56,"column":41}},"10":{"start":{"line":61,"column":2},"end":{"line":61,"column":49}},"11":{"start":{"line":61,"column":32},"end":{"line":61,"column":47}},"12":{"start":{"line":66,"column":2},"end":{"line":66,"column":44}},"13":{"start":{"line":66,"column":32},"end":{"line":66,"column":42}},"14":{"start":{"line":73,"column":2},"end":{"line":73,"column":19}},"15":{"start":{"line":78,"column":2},"end":{"line":80,"column":4}},"16":{"start":{"line":79,"column":11},"end":{"line":79,"column":81}},"17":{"start":{"line":85,"column":2},"end":{"line":85,"column":78}},"18":{"start":{"line":85,"column":39},"end":{"line":85,"column":76}},"19":{"start":{"line":90,"column":2},"end":{"line":90,"column":73}},"20":{"start":{"line":90,"column":33},"end":{"line":90,"column":71}},"21":{"start":{"line":95,"column":2},"end":{"line":95,"column":44}},"22":{"start":{"line":95,"column":31},"end":{"line":95,"column":42}},"23":{"start":{"line":100,"column":2},"end":{"line":100,"column":67}},"24":{"start":{"line":100,"column":33},"end":{"line":100,"column":65}},"25":{"start":{"line":107,"column":2},"end":{"line":107,"column":27}},"26":{"start":{"line":112,"column":2},"end":{"line":114,"column":4}},"27":{"start":{"line":113,"column":11},"end":{"line":113,"column":61}},"28":{"start":{"line":128,"column":52},"end":{"line":128,"column":58}},"29":{"start":{"line":131,"column":14},"end":{"line":137,"column":3}},"30":{"start":{"line":133,"column":6},"end":{"line":136,"column":45}},"31":{"start":{"line":140,"column":15},"end":{"line":145,"column":3}},"32":{"start":{"line":142,"column":6},"end":{"line":144,"column":44}},"33":{"start":{"line":148,"column":2},"end":{"line":148,"column":63}},"34":{"start":{"line":148,"column":24},"end":{"line":148,"column":61}},"35":{"start":{"line":151,"column":17},"end":{"line":154,"column":4}},"36":{"start":{"line":152,"column":26},"end":{"line":152,"column":71}},"37":{"start":{"line":153,"column":4},"end":{"line":153,"column":65}},"38":{"start":{"line":157,"column":20},"end":{"line":157,"column":41}},"39":{"start":{"line":158,"column":2},"end":{"line":159,"column":50}},"40":{"start":{"line":158,"column":19},"end":{"line":158,"column":56}},"41":{"start":{"line":159,"column":7},"end":{"line":159,"column":50}},"42":{"start":{"line":159,"column":24},"end":{"line":159,"column":50}},"43":{"start":{"line":160,"column":19},"end":{"line":160,"column":53}},"44":{"start":{"line":162,"column":2},"end":{"line":169,"column":4}},"45":{"start":{"line":176,"column":2},"end":{"line":176,"column":28}},"46":{"start":{"line":183,"column":2},"end":{"line":183,"column":72}},"47":{"start":{"line":183,"column":19},"end":{"line":183,"column":72}},"48":{"start":{"line":184,"column":2},"end":{"line":184,"column":61}},"49":{"start":{"line":184,"column":19},"end":{"line":184,"column":61}},"50":{"start":{"line":185,"column":2},"end":{"line":185,"column":54}}},"fnMap":{"0":{"name":"getAllFoods","decl":{"start":{"line":33,"column":16},"end":{"line":33,"column":27}},"loc":{"start":{"line":33,"column":42},"end":{"line":35,"column":1}},"line":33},"1":{"name":"getFoodsForTemp","decl":{"start":{"line":38,"column":16},"end":{"line":38,"column":31}},"loc":{"start":{"line":38,"column":59},"end":{"line":42,"column":1}},"line":38},"2":{"name":"(anonymous_2)","decl":{"start":{"line":40,"column":4},"end":{"line":40,"column":5}},"loc":{"start":{"line":40,"column":11},"end":{"line":40,"column":81}},"line":40},"3":{"name":"getFoodsForTime","decl":{"start":{"line":45,"column":16},"end":{"line":45,"column":31}},"loc":{"start":{"line":45,"column":92},"end":{"line":47,"column":1}},"line":45},"4":{"name":"(anonymous_4)","decl":{"start":{"line":46,"column":25},"end":{"line":46,"column":26}},"loc":{"start":{"line":46,"column":32},"end":{"line":46,"column":70}},"line":46},"5":{"name":"getFoodsByTag","decl":{"start":{"line":50,"column":16},"end":{"line":50,"column":29}},"loc":{"start":{"line":50,"column":55},"end":{"line":52,"column":1}},"line":50},"6":{"name":"(anonymous_6)","decl":{"start":{"line":51,"column":25},"end":{"line":51,"column":26}},"loc":{"start":{"line":51,"column":32},"end":{"line":51,"column":52}},"line":51},"7":{"name":"getFoodById","decl":{"start":{"line":55,"column":16},"end":{"line":55,"column":27}},"loc":{"start":{"line":55,"column":62},"end":{"line":57,"column":1}},"line":55},"8":{"name":"(anonymous_8)","decl":{"start":{"line":56,"column":23},"end":{"line":56,"column":24}},"loc":{"start":{"line":56,"column":30},"end":{"line":56,"column":41}},"line":56},"9":{"name":"getVegetarianFoods","decl":{"start":{"line":60,"column":16},"end":{"line":60,"column":34}},"loc":{"start":{"line":60,"column":49},"end":{"line":62,"column":1}},"line":60},"10":{"name":"(anonymous_10)","decl":{"start":{"line":61,"column":25},"end":{"line":61,"column":26}},"loc":{"start":{"line":61,"column":32},"end":{"line":61,"column":47}},"line":61},"11":{"name":"getVeganFoods","decl":{"start":{"line":65,"column":16},"end":{"line":65,"column":29}},"loc":{"start":{"line":65,"column":44},"end":{"line":67,"column":1}},"line":65},"12":{"name":"(anonymous_12)","decl":{"start":{"line":66,"column":25},"end":{"line":66,"column":26}},"loc":{"start":{"line":66,"column":32},"end":{"line":66,"column":42}},"line":66},"13":{"name":"getAllDrinks","decl":{"start":{"line":72,"column":16},"end":{"line":72,"column":28}},"loc":{"start":{"line":72,"column":44},"end":{"line":74,"column":1}},"line":72},"14":{"name":"getDrinksForTemp","decl":{"start":{"line":77,"column":16},"end":{"line":77,"column":32}},"loc":{"start":{"line":77,"column":61},"end":{"line":81,"column":1}},"line":77},"15":{"name":"(anonymous_15)","decl":{"start":{"line":79,"column":4},"end":{"line":79,"column":5}},"loc":{"start":{"line":79,"column":11},"end":{"line":79,"column":81}},"line":79},"16":{"name":"getDrinksByHydration","decl":{"start":{"line":84,"column":16},"end":{"line":84,"column":36}},"loc":{"start":{"line":84,"column":52},"end":{"line":86,"column":1}},"line":84},"17":{"name":"(anonymous_17)","decl":{"start":{"line":85,"column":29},"end":{"line":85,"column":30}},"loc":{"start":{"line":85,"column":39},"end":{"line":85,"column":76}},"line":85},"18":{"name":"getDrinksForTime","decl":{"start":{"line":89,"column":16},"end":{"line":89,"column":32}},"loc":{"start":{"line":89,"column":94},"end":{"line":91,"column":1}},"line":89},"19":{"name":"(anonymous_19)","decl":{"start":{"line":90,"column":26},"end":{"line":90,"column":27}},"loc":{"start":{"line":90,"column":33},"end":{"line":90,"column":71}},"line":90},"20":{"name":"getDrinkById","decl":{"start":{"line":94,"column":16},"end":{"line":94,"column":28}},"loc":{"start":{"line":94,"column":64},"end":{"line":96,"column":1}},"line":94},"21":{"name":"(anonymous_21)","decl":{"start":{"line":95,"column":24},"end":{"line":95,"column":25}},"loc":{"start":{"line":95,"column":31},"end":{"line":95,"column":42}},"line":95},"22":{"name":"getQuickDrinks","decl":{"start":{"line":99,"column":16},"end":{"line":99,"column":30}},"loc":{"start":{"line":99,"column":46},"end":{"line":101,"column":1}},"line":99},"23":{"name":"(anonymous_23)","decl":{"start":{"line":100,"column":26},"end":{"line":100,"column":27}},"loc":{"start":{"line":100,"column":33},"end":{"line":100,"column":65}},"line":100},"24":{"name":"getFoodsToAvoid","decl":{"start":{"line":106,"column":16},"end":{"line":106,"column":31}},"loc":{"start":{"line":106,"column":47},"end":{"line":108,"column":1}},"line":106},"25":{"name":"getCriticalAvoids","decl":{"start":{"line":111,"column":16},"end":{"line":111,"column":33}},"loc":{"start":{"line":111,"column":49},"end":{"line":115,"column":1}},"line":111},"26":{"name":"(anonymous_26)","decl":{"start":{"line":113,"column":4},"end":{"line":113,"column":5}},"loc":{"start":{"line":113,"column":11},"end":{"line":113,"column":61}},"line":113},"27":{"name":"getRecommendations","decl":{"start":{"line":123,"column":16},"end":{"line":123,"column":34}},"loc":{"start":{"line":127,"column":3},"end":{"line":170,"column":1}},"line":127},"28":{"name":"(anonymous_28)","decl":{"start":{"line":132,"column":4},"end":{"line":132,"column":5}},"loc":{"start":{"line":133,"column":6},"end":{"line":136,"column":45}},"line":133},"29":{"name":"(anonymous_29)","decl":{"start":{"line":141,"column":4},"end":{"line":141,"column":5}},"loc":{"start":{"line":142,"column":6},"end":{"line":144,"column":44}},"line":142},"30":{"name":"(anonymous_30)","decl":{"start":{"line":148,"column":14},"end":{"line":148,"column":15}},"loc":{"start":{"line":148,"column":24},"end":{"line":148,"column":61}},"line":148},"31":{"name":"(anonymous_31)","decl":{"start":{"line":151,"column":45},"end":{"line":151,"column":46}},"loc":{"start":{"line":151,"column":55},"end":{"line":154,"column":3}},"line":151},"32":{"name":"getHydrationRules","decl":{"start":{"line":175,"column":16},"end":{"line":175,"column":33}},"loc":{"start":{"line":175,"column":36},"end":{"line":177,"column":1}},"line":175},"33":{"name":"getMealPlan","decl":{"start":{"line":182,"column":16},"end":{"line":182,"column":27}},"loc":{"start":{"line":182,"column":43},"end":{"line":186,"column":1}},"line":182}},"branchMap":{"0":{"loc":{"start":{"line":40,"column":11},"end":{"line":40,"column":81}},"type":"binary-expr","locations":[{"start":{"line":40,"column":11},"end":{"line":40,"column":44}},{"start":{"line":40,"column":48},"end":{"line":40,"column":81}}],"line":40},"1":{"loc":{"start":{"line":79,"column":11},"end":{"line":79,"column":81}},"type":"binary-expr","locations":[{"start":{"line":79,"column":11},"end":{"line":79,"column":44}},{"start":{"line":79,"column":48},"end":{"line":79,"column":81}}],"line":79},"2":{"loc":{"start":{"line":113,"column":11},"end":{"line":113,"column":61}},"type":"binary-expr","locations":[{"start":{"line":113,"column":11},"end":{"line":113,"column":36}},{"start":{"line":113,"column":40},"end":{"line":113,"column":61}}],"line":113},"3":{"loc":{"start":{"line":128,"column":28},"end":{"line":128,"column":47}},"type":"default-arg","locations":[{"start":{"line":128,"column":43},"end":{"line":128,"column":47}}],"line":128},"4":{"loc":{"start":{"line":133,"column":6},"end":{"line":136,"column":45}},"type":"binary-expr","locations":[{"start":{"line":133,"column":6},"end":{"line":133,"column":39}},{"start":{"line":134,"column":6},"end":{"line":134,"column":39}},{"start":{"line":135,"column":6},"end":{"line":135,"column":44}},{"start":{"line":136,"column":7},"end":{"line":136,"column":44}}],"line":133},"5":{"loc":{"start":{"line":136,"column":7},"end":{"line":136,"column":44}},"type":"cond-expr","locations":[{"start":{"line":136,"column":22},"end":{"line":136,"column":37}},{"start":{"line":136,"column":40},"end":{"line":136,"column":44}}],"line":136},"6":{"loc":{"start":{"line":142,"column":6},"end":{"line":144,"column":44}},"type":"binary-expr","locations":[{"start":{"line":142,"column":6},"end":{"line":142,"column":39}},{"start":{"line":143,"column":6},"end":{"line":143,"column":39}},{"start":{"line":144,"column":6},"end":{"line":144,"column":44}}],"line":142},"7":{"loc":{"start":{"line":158,"column":2},"end":{"line":159,"column":50}},"type":"if","locations":[{"start":{"line":158,"column":2},"end":{"line":159,"column":50}},{"start":{"line":159,"column":7},"end":{"line":159,"column":50}}],"line":158},"8":{"loc":{"start":{"line":159,"column":7},"end":{"line":159,"column":50}},"type":"if","locations":[{"start":{"line":159,"column":7},"end":{"line":159,"column":50}},{"start":{},"end":{}}],"line":159},"9":{"loc":{"start":{"line":160,"column":19},"end":{"line":160,"column":53}},"type":"binary-expr","locations":[{"start":{"line":160,"column":19},"end":{"line":160,"column":45}},{"start":{"line":160,"column":49},"end":{"line":160,"column":53}}],"line":160},"10":{"loc":{"start":{"line":183,"column":2},"end":{"line":183,"column":72}},"type":"if","locations":[{"start":{"line":183,"column":2},"end":{"line":183,"column":72}},{"start":{},"end":{}}],"line":183},"11":{"loc":{"start":{"line":183,"column":26},"end":{"line":183,"column":71}},"type":"binary-expr","locations":[{"start":{"line":183,"column":26},"end":{"line":183,"column":63}},{"start":{"line":183,"column":67},"end":{"line":183,"column":71}}],"line":183},"12":{"loc":{"start":{"line":184,"column":2},"end":{"line":184,"column":61}},"type":"if","locations":[{"start":{"line":184,"column":2},"end":{"line":184,"column":61}},{"start":{},"end":{}}],"line":184},"13":{"loc":{"start":{"line":184,"column":26},"end":{"line":184,"column":60}},"type":"binary-expr","locations":[{"start":{"line":184,"column":26},"end":{"line":184,"column":52}},{"start":{"line":184,"column":56},"end":{"line":184,"column":60}}],"line":184},"14":{"loc":{"start":{"line":185,"column":9},"end":{"line":185,"column":53}},"type":"binary-expr","locations":[{"start":{"line":185,"column":9},"end":{"line":185,"column":45}},{"start":{"line":185,"column":49},"end":{"line":185,"column":53}}],"line":185}},"s":{"0":2,"1":7,"2":5,"3":50,"4":0,"5":0,"6":1,"7":10,"8":2,"9":11,"10":1,"11":10,"12":2,"13":20,"14":5,"15":2,"16":12,"17":1,"18":10,"19":0,"20":0,"21":1,"22":1,"23":2,"24":12,"25":3,"26":1,"27":5,"28":7,"29":7,"30":70,"31":7,"32":42,"33":7,"34":43,"35":7,"36":56,"37":56,"38":7,"39":7,"40":3,"41":4,"42":2,"43":7,"44":7,"45":4,"46":5,"47":2,"48":3,"49":1,"50":2},"f":{"0":7,"1":5,"2":50,"3":0,"4":0,"5":1,"6":10,"7":2,"8":11,"9":1,"10":10,"11":2,"12":20,"13":5,"14":2,"15":12,"16":1,"17":10,"18":0,"19":0,"20":1,"21":1,"22":2,"23":12,"24":3,"25":1,"26":5,"27":7,"28":70,"29":42,"30":43,"31":56,"32":4,"33":5},"b":{"0":[50,35],"1":[12,8],"2":[5,3],"3":[6],"4":[70,58,58,52],"5":[52,0],"6":[42,32,32],"7":[3,4],"8":[2,2],"9":[7,0],"10":[2,3],"11":[2,0],"12":[1,2],"13":[1,0],"14":[2,0]},"_coverageSchema":"1a1c01bbd47fc00a2c39e90264f33305004495a9","hash":"315d62c224054333719de1fd242044bf30c8cfc3"}
,"/Users/akshen/Desktop/Programming/SunSuraksha/SunSuraksha/src/hooks/useLocation.ts": {"path":"/Users/akshen/Desktop/Programming/SunSuraksha/SunSuraksha/src/hooks/useLocation.ts","statementMap":{"0":{"start":{"line":24,"column":26},"end":{"line":24,"column":51}},"1":{"start":{"line":25,"column":30},"end":{"line":25,"column":81}},"2":{"start":{"line":26,"column":32},"end":{"line":26,"column":46}},"3":{"start":{"line":27,"column":28},"end":{"line":27,"column":57}},"4":{"start":{"line":30,"column":4},"end":{"line":72,"column":5}},"5":{"start":{"line":31,"column":6},"end":{"line":31,"column":23}},"6":{"start":{"line":32,"column":6},"end":{"line":32,"column":21}},"7":{"start":{"line":35,"column":25},"end":{"line":35,"column":75}},"8":{"start":{"line":37,"column":6},"end":{"line":41,"column":7}},"9":{"start":{"line":38,"column":8},"end":{"line":38,"column":47}},"10":{"start":{"line":39,"column":8},"end":{"line":39,"column":26}},"11":{"start":{"line":40,"column":8},"end":{"line":40,"column":15}},"12":{"start":{"line":44,"column":23},"end":{"line":46,"column":8}},"13":{"start":{"line":48,"column":38},"end":{"line":48,"column":53}},"14":{"start":{"line":49,"column":6},"end":{"line":49,"column":51}},"15":{"start":{"line":52,"column":22},"end":{"line":55,"column":8}},"16":{"start":{"line":57,"column":6},"end":{"line":66,"column":7}},"17":{"start":{"line":60,"column":10},"end":{"line":63,"column":25}},"18":{"start":{"line":65,"column":8},"end":{"line":65,"column":30}},"19":{"start":{"line":68,"column":6},"end":{"line":68,"column":54}},"20":{"start":{"line":69,"column":6},"end":{"line":69,"column":44}},"21":{"start":{"line":71,"column":6},"end":{"line":71,"column":24}},"22":{"start":{"line":75,"column":2},"end":{"line":77,"column":9}},"23":{"start":{"line":76,"column":4},"end":{"line":76,"column":21}},"24":{"start":{"line":79,"column":2},"end":{"line":85,"column":4}}},"fnMap":{"0":{"name":"useLocation","decl":{"start":{"line":23,"column":16},"end":{"line":23,"column":27}},"loc":{"start":{"line":23,"column":49},"end":{"line":86,"column":1}},"line":23},"1":{"name":"detectLocation","decl":{"start":{"line":29,"column":17},"end":{"line":29,"column":31}},"loc":{"start":{"line":29,"column":34},"end":{"line":73,"column":3}},"line":29},"2":{"name":"(anonymous_2)","decl":{"start":{"line":75,"column":12},"end":{"line":75,"column":13}},"loc":{"start":{"line":75,"column":18},"end":{"line":77,"column":3}},"line":75}},"branchMap":{"0":{"loc":{"start":{"line":37,"column":6},"end":{"line":41,"column":7}},"type":"if","locations":[{"start":{"line":37,"column":6},"end":{"line":41,"column":7}},{"start":{},"end":{}}],"line":37},"1":{"loc":{"start":{"line":57,"column":6},"end":{"line":66,"column":7}},"type":"if","locations":[{"start":{"line":57,"column":6},"end":{"line":66,"column":7}},{"start":{},"end":{}}],"line":57},"2":{"loc":{"start":{"line":60,"column":10},"end":{"line":63,"column":25}},"type":"binary-expr","locations":[{"start":{"line":60,"column":10},"end":{"line":60,"column":20}},{"start":{"line":61,"column":10},"end":{"line":61,"column":25}},{"start":{"line":62,"column":10},"end":{"line":62,"column":22}},{"start":{"line":63,"column":10},"end":{"line":63,"column":25}}],"line":60}},"s":{"0":0,"1":0,"2":0,"3":0,"4":0,"5":0,"6":0,"7":0,"8":0,"9":0,"10":0,"11":0,"12":0,"13":0,"14":0,"15":0,"16":0,"17":0,"18":0,"19":0,"20":0,"21":0,"22":0,"23":0,"24":0},"f":{"0":0,"1":0,"2":0},"b":{"0":[0,0],"1":[0,0],"2":[0,0,0,0]}}
,"/Users/akshen/Desktop/Programming/SunSuraksha/SunSuraksha/src/hooks/useWeather.ts": {"path":"/Users/akshen/Desktop/Programming/SunSuraksha/SunSuraksha/src/hooks/useWeather.ts","statementMap":{"0":{"start":{"line":18,"column":28},"end":{"line":18,"column":42}},"1":{"start":{"line":35,"column":37},"end":{"line":35,"column":43}},"2":{"start":{"line":37,"column":32},"end":{"line":37,"column":66}},"3":{"start":{"line":38,"column":32},"end":{"line":38,"column":46}},"4":{"start":{"line":39,"column":28},"end":{"line":39,"column":57}},"5":{"start":{"line":40,"column":22},"end":{"line":40,"column":73}},"6":{"start":{"line":42,"column":20},"end":{"line":45,"column":15}},"7":{"start":{"line":43,"column":4},"end":{"line":43,"column":30}},"8":{"start":{"line":43,"column":18},"end":{"line":43,"column":30}},"9":{"start":{"line":44,"column":4},"end":{"line":44,"column":39}},"10":{"start":{"line":47,"column":22},"end":{"line":53,"column":15}},"11":{"start":{"line":48,"column":4},"end":{"line":48,"column":30}},"12":{"start":{"line":48,"column":18},"end":{"line":48,"column":30}},"13":{"start":{"line":49,"column":4},"end":{"line":52,"column":7}},"14":{"start":{"line":55,"column":22},"end":{"line":75,"column":38}},"15":{"start":{"line":56,"column":4},"end":{"line":74,"column":5}},"16":{"start":{"line":57,"column":6},"end":{"line":57,"column":21}},"17":{"start":{"line":60,"column":6},"end":{"line":66,"column":7}},"18":{"start":{"line":62,"column":8},"end":{"line":62,"column":66}},"19":{"start":{"line":65,"column":8},"end":{"line":65,"column":40}},"20":{"start":{"line":68,"column":6},"end":{"line":68,"column":23}},"21":{"start":{"line":70,"column":6},"end":{"line":70,"column":46}},"22":{"start":{"line":71,"column":6},"end":{"line":71,"column":46}},"23":{"start":{"line":73,"column":6},"end":{"line":73,"column":24}},"24":{"start":{"line":77,"column":18},"end":{"line":80,"column":19}},"25":{"start":{"line":78,"column":4},"end":{"line":78,"column":21}},"26":{"start":{"line":79,"column":4},"end":{"line":79,"column":24}},"27":{"start":{"line":82,"column":2},"end":{"line":92,"column":20}},"28":{"start":{"line":83,"column":4},"end":{"line":83,"column":18}},"29":{"start":{"line":85,"column":4},"end":{"line":85,"column":72}},"30":{"start":{"line":87,"column":4},"end":{"line":91,"column":6}},"31":{"start":{"line":88,"column":6},"end":{"line":90,"column":7}},"32":{"start":{"line":89,"column":8},"end":{"line":89,"column":43}},"33":{"start":{"line":94,"column":2},"end":{"line":101,"column":4}}},"fnMap":{"0":{"name":"useWeather","decl":{"start":{"line":34,"column":16},"end":{"line":34,"column":26}},"loc":{"start":{"line":34,"column":71},"end":{"line":102,"column":1}},"line":34},"1":{"name":"(anonymous_1)","decl":{"start":{"line":42,"column":28},"end":{"line":42,"column":29}},"loc":{"start":{"line":42,"column":34},"end":{"line":45,"column":3}},"line":42},"2":{"name":"(anonymous_2)","decl":{"start":{"line":47,"column":30},"end":{"line":47,"column":31}},"loc":{"start":{"line":47,"column":36},"end":{"line":53,"column":3}},"line":47},"3":{"name":"(anonymous_3)","decl":{"start":{"line":55,"column":34},"end":{"line":55,"column":35}},"loc":{"start":{"line":55,"column":46},"end":{"line":75,"column":3}},"line":55},"4":{"name":"(anonymous_4)","decl":{"start":{"line":77,"column":30},"end":{"line":77,"column":31}},"loc":{"start":{"line":77,"column":42},"end":{"line":80,"column":3}},"line":77},"5":{"name":"(anonymous_5)","decl":{"start":{"line":82,"column":12},"end":{"line":82,"column":13}},"loc":{"start":{"line":82,"column":18},"end":{"line":92,"column":3}},"line":82},"6":{"name":"(anonymous_6)","decl":{"start":{"line":87,"column":11},"end":{"line":87,"column":12}},"loc":{"start":{"line":87,"column":17},"end":{"line":91,"column":5}},"line":87}},"branchMap":{"0":{"loc":{"start":{"line":35,"column":10},"end":{"line":35,"column":24}},"type":"default-arg","locations":[{"start":{"line":35,"column":17},"end":{"line":35,"column":24}}],"line":35},"1":{"loc":{"start":{"line":43,"column":4},"end":{"line":43,"column":30}},"type":"if","locations":[{"start":{"line":43,"column":4},"end":{"line":43,"column":30}},{"start":{},"end":{}}],"line":43},"2":{"loc":{"start":{"line":48,"column":4},"end":{"line":48,"column":30}},"type":"if","locations":[{"start":{"line":48,"column":4},"end":{"line":48,"column":30}},{"start":{},"end":{}}],"line":48},"3":{"loc":{"start":{"line":60,"column":6},"end":{"line":66,"column":7}},"type":"if","locations":[{"start":{"line":60,"column":6},"end":{"line":66,"column":7}},{"start":{"line":63,"column":13},"end":{"line":66,"column":7}}],"line":60},"4":{"loc":{"start":{"line":88,"column":6},"end":{"line":90,"column":7}},"type":"if","locations":[{"start":{"line":88,"column":6},"end":{"line":90,"column":7}},{"start":{},"end":{}}],"line":88}},"s":{"0":0,"1":0,"2":0,"3":0,"4":0,"5":0,"6":0,"7":0,"8":0,"9":0,"10":0,"11":0,"12":0,"13":0,"14":0,"15":0,"16":0,"17":0,"18":0,"19":0,"20":0,"21":0,"22":0,"23":0,"24":0,"25":0,"26":0,"27":0,"28":0,"29":0,"30":0,"31":0,"32":0,"33":0},"f":{"0":0,"1":0,"2":0,"3":0,"4":0,"5":0,"6":0},"b":{"0":[0],"1":[0,0],"2":[0,0],"3":[0,0],"4":[0,0]}}
,"/Users/akshen/Desktop/Programming/SunSuraksha/SunSuraksha/src/services/auth.ts": {"path":"/Users/akshen/Desktop/Programming/SunSuraksha/SunSuraksha/src/services/auth.ts","statementMap":{"0":{"start":{"line":13,"column":26},"end":{"line":16,"column":4}},"1":{"start":{"line":18,"column":2},"end":{"line":18,"column":25}},"2":{"start":{"line":18,"column":13},"end":{"line":18,"column":25}},"3":{"start":{"line":19,"column":2},"end":{"line":19,"column":14}},"4":{"start":{"line":24,"column":26},"end":{"line":27,"column":4}},"5":{"start":{"line":29,"column":2},"end":{"line":29,"column":25}},"6":{"start":{"line":29,"column":13},"end":{"line":29,"column":25}},"7":{"start":{"line":30,"column":2},"end":{"line":30,"column":14}},"8":{"start":{"line":35,"column":20},"end":{"line":35,"column":49}},"9":{"start":{"line":36,"column":2},"end":{"line":36,"column":25}},"10":{"start":{"line":36,"column":13},"end":{"line":36,"column":25}},"11":{"start":{"line":41,"column":26},"end":{"line":41,"column":58}},"12":{"start":{"line":42,"column":2},"end":{"line":42,"column":25}},"13":{"start":{"line":42,"column":13},"end":{"line":42,"column":25}},"14":{"start":{"line":43,"column":2},"end":{"line":43,"column":22}},"15":{"start":{"line":48,"column":18},"end":{"line":48,"column":36}},"16":{"start":{"line":49,"column":2},"end":{"line":49,"column":35}},"17":{"start":{"line":56,"column":2},"end":{"line":56,"column":51}}},"fnMap":{"0":{"name":"signUp","decl":{"start":{"line":12,"column":22},"end":{"line":12,"column":28}},"loc":{"start":{"line":12,"column":62},"end":{"line":20,"column":1}},"line":12},"1":{"name":"signIn","decl":{"start":{"line":23,"column":22},"end":{"line":23,"column":28}},"loc":{"start":{"line":23,"column":62},"end":{"line":31,"column":1}},"line":23},"2":{"name":"signOut","decl":{"start":{"line":34,"column":22},"end":{"line":34,"column":29}},"loc":{"start":{"line":34,"column":32},"end":{"line":37,"column":1}},"line":34},"3":{"name":"getSession","decl":{"start":{"line":40,"column":22},"end":{"line":40,"column":32}},"loc":{"start":{"line":40,"column":35},"end":{"line":44,"column":1}},"line":40},"4":{"name":"getCurrentUserId","decl":{"start":{"line":47,"column":22},"end":{"line":47,"column":38}},"loc":{"start":{"line":47,"column":65},"end":{"line":50,"column":1}},"line":47},"5":{"name":"onAuthStateChange","decl":{"start":{"line":53,"column":16},"end":{"line":53,"column":33}},"loc":{"start":{"line":55,"column":2},"end":{"line":57,"column":1}},"line":55}},"branchMap":{"0":{"loc":{"start":{"line":18,"column":2},"end":{"line":18,"column":25}},"type":"if","locations":[{"start":{"line":18,"column":2},"end":{"line":18,"column":25}},{"start":{},"end":{}}],"line":18},"1":{"loc":{"start":{"line":29,"column":2},"end":{"line":29,"column":25}},"type":"if","locations":[{"start":{"line":29,"column":2},"end":{"line":29,"column":25}},{"start":{},"end":{}}],"line":29},"2":{"loc":{"start":{"line":36,"column":2},"end":{"line":36,"column":25}},"type":"if","locations":[{"start":{"line":36,"column":2},"end":{"line":36,"column":25}},{"start":{},"end":{}}],"line":36},"3":{"loc":{"start":{"line":42,"column":2},"end":{"line":42,"column":25}},"type":"if","locations":[{"start":{"line":42,"column":2},"end":{"line":42,"column":25}},{"start":{},"end":{}}],"line":42},"4":{"loc":{"start":{"line":49,"column":9},"end":{"line":49,"column":34}},"type":"binary-expr","locations":[{"start":{"line":49,"column":9},"end":{"line":49,"column":26}},{"start":{"line":49,"column":30},"end":{"line":49,"column":34}}],"line":49}},"s":{"0":0,"1":0,"2":0,"3":0,"4":0,"5":0,"6":0,"7":0,"8":0,"9":0,"10":0,"11":0,"12":0,"13":0,"14":0,"15":0,"16":0,"17":0},"f":{"0":0,"1":0,"2":0,"3":0,"4":0,"5":0},"b":{"0":[0,0],"1":[0,0],"2":[0,0],"3":[0,0],"4":[0,0]}}
[...]
t":{"line":95,"column":12},"end":{"line":95,"column":44}},"type":"binary-expr","locations":[{"start":{"line":95,"column":12},"end":{"line":95,"column":35}},{"start":{"line":95,"column":39},"end":{"line":95,"column":44}}],"line":95},"8":{"loc":{"start":{"line":113,"column":2},"end":{"line":115,"column":3}},"type":"if","locations":[{"start":{"line":113,"column":2},"end":{"line":115,"column":3}},{"start":{},"end":{}}],"line":113},"9":{"loc":{"start":{"line":113,"column":6},"end":{"line":113,"column":30}},"type":"binary-expr","locations":[{"start":{"line":113,"column":6},"end":{"line":113,"column":13}},{"start":{"line":113,"column":17},"end":{"line":113,"column":30}}],"line":113},"10":{"loc":{"start":{"line":122,"column":4},"end":{"line":124,"column":5}},"type":"if","locations":[{"start":{"line":122,"column":4},"end":{"line":124,"column":5}},{"start":{},"end":{}}],"line":122},"11":{"loc":{"start":{"line":129,"column":12},"end":{"line":129,"column":40}},"type":"binary-expr","locations":[{"start":{"line":129,"column":12},"end":{"line":129,"column":21}},{"start":{"line":129,"column":25},"end":{"line":129,"column":40}}],"line":129},"12":{"loc":{"start":{"line":133,"column":16},"end":{"line":133,"column":40}},"type":"binary-expr","locations":[{"start":{"line":133,"column":16},"end":{"line":133,"column":24}},{"start":{"line":133,"column":28},"end":{"line":133,"column":40}}],"line":133},"13":{"loc":{"start":{"line":135,"column":19},"end":{"line":135,"column":60}},"type":"binary-expr","locations":[{"start":{"line":135,"column":19},"end":{"line":135,"column":49}},{"start":{"line":135,"column":53},"end":{"line":135,"column":60}}],"line":135},"14":{"loc":{"start":{"line":136,"column":12},"end":{"line":136,"column":44}},"type":"binary-expr","locations":[{"start":{"line":136,"column":12},"end":{"line":136,"column":35}},{"start":{"line":136,"column":39},"end":{"line":136,"column":44}}],"line":136},"15":{"loc":{"start":{"line":150,"column":2},"end":{"line":150,"column":41}},"type":"if","locations":[{"start":{"line":150,"column":2},"end":{"line":150,"column":41}},{"start":{},"end":{}}],"line":150},"16":{"loc":{"start":{"line":150,"column":6},"end":{"line":150,"column":30}},"type":"binary-expr","locations":[{"start":{"line":150,"column":6},"end":{"line":150,"column":16}},{"start":{"line":150,"column":20},"end":{"line":150,"column":30}}],"line":150},"17":{"loc":{"start":{"line":151,"column":2},"end":{"line":151,"column":40}},"type":"if","locations":[{"start":{"line":151,"column":2},"end":{"line":151,"column":40}},{"start":{},"end":{}}],"line":151},"18":{"loc":{"start":{"line":151,"column":6},"end":{"line":151,"column":29}},"type":"binary-expr","locations":[{"start":{"line":151,"column":6},"end":{"line":151,"column":15}},{"start":{"line":151,"column":19},"end":{"line":151,"column":29}}],"line":151},"19":{"loc":{"start":{"line":152,"column":2},"end":{"line":152,"column":40}},"type":"if","locations":[{"start":{"line":152,"column":2},"end":{"line":152,"column":40}},{"start":{},"end":{}}],"line":152},"20":{"loc":{"start":{"line":152,"column":6},"end":{"line":152,"column":29}},"type":"binary-expr","locations":[{"start":{"line":152,"column":6},"end":{"line":152,"column":15}},{"start":{"line":152,"column":19},"end":{"line":152,"column":29}}],"line":152},"21":{"loc":{"start":{"line":162,"column":20},"end":{"line":162,"column":43}},"type":"binary-expr","locations":[{"start":{"line":162,"column":20},"end":{"line":162,"column":29}},{"start":{"line":162,"column":33},"end":{"line":162,"column":43}}],"line":162},"22":{"loc":{"start":{"line":165,"column":10},"end":{"line":165,"column":25}},"type":"binary-expr","locations":[{"start":{"line":165,"column":10},"end":{"line":165,"column":14}},{"start":{"line":165,"column":18},"end":{"line":165,"column":25}}],"line":165},"23":{"loc":{"start":{"line":166,"column":12},"end":{"line":166,"column":31}},"type":"cond-expr","locations":[{"start":{"line":166,"column":24},"end":{"line":166,"column":26}},{"start":{"line":166,"column":29},"end":{"line":166,"column":31}}],"line":166},"24":{"loc":{"start":{"line":167,"column":18},"end":{"line":167,"column":37}},"type":"cond-expr","locations":[{"start":{"line":167,"column":30},"end":{"line":167,"column":32}},{"start":{"line":167,"column":35},"end":{"line":167,"column":37}}],"line":167},"25":{"loc":{"start":{"line":171,"column":17},"end":{"line":171,"column":56}},"type":"cond-expr","locations":[{"start":{"line":171,"column":29},"end":{"line":171,"column":40}},{"start":{"line":171,"column":43},"end":{"line":171,"column":56}}],"line":171},"26":{"loc":{"start":{"line":172,"column":10},"end":{"line":172,"column":35}},"type":"cond-expr","locations":[{"start":{"line":172,"column":22},"end":{"line":172,"column":27}},{"start":{"line":172,"column":30},"end":{"line":172,"column":35}}],"line":172}},"s":{"0":1,"1":0,"2":0,"3":5,"4":5,"5":5,"6":5,"7":0,"8":0,"9":0,"10":0,"11":0,"12":0,"13":0,"14":0,"15":0,"16":0,"17":0,"18":0,"19":0,"20":0,"21":0,"22":0,"23":0,"24":0,"25":0,"26":0,"27":0,"28":0,"29":0,"30":5,"31":5,"32":0,"33":5,"34":0,"35":5,"36":5,"37":0,"38":5,"39":5,"40":5},"f":{"0":0,"1":5,"2":0,"3":5,"4":5},"b":{"0":[0,0],"1":[5,0],"2":[5,0],"3":[0,0],"4":[0,0],"5":[0,0],"6":[0,0],"7":[0,0],"8":[0,0],"9":[0,0],"10":[0,0],"11":[0,0],"12":[0,0],"13":[0,0],"14":[0,0],"15":[0,5],"16":[5,5],"17":[0,5],"18":[5,5],"19":[5,0],"20":[5,5],"21":[5,5],"22":[5,0],"23":[5,0],"24":[5,0],"25":[5,0],"26":[5,0]},"_coverageSchema":"1a1c01bbd47fc00a2c39e90264f33305004495a9","hash":"7e85f3d5bbe7438e49ac4e231bdd871f5e046b7f"}
,"/Users/akshen/Desktop/Programming/SunSuraksha/SunSuraksha/src/utils/dailyPlan.ts": {"path":"/Users/akshen/Desktop/Programming/SunSuraksha/SunSuraksha/src/utils/dailyPlan.ts","statementMap":{"0":{"start":{"line":23,"column":2},"end":{"line":23,"column":48}},"1":{"start":{"line":23,"column":24},"end":{"line":23,"column":48}},"2":{"start":{"line":24,"column":2},"end":{"line":24,"column":44}},"3":{"start":{"line":24,"column":24},"end":{"line":24,"column":44}},"4":{"start":{"line":25,"column":2},"end":{"line":25,"column":45}},"5":{"start":{"line":25,"column":24},"end":{"line":25,"column":45}},"6":{"start":{"line":26,"column":2},"end":{"line":26,"column":23}},"7":{"start":{"line":30,"column":2},"end":{"line":95,"column":4}},"8":{"start":{"line":99,"column":2},"end":{"line":148,"column":4}},"9":{"start":{"line":152,"column":2},"end":{"line":193,"column":4}},"10":{"start":{"line":197,"column":2},"end":{"line":222,"column":4}}},"fnMap":{"0":{"name":"generateDailyPlan","decl":{"start":{"line":22,"column":16},"end":{"line":22,"column":33}},"loc":{"start":{"line":22,"column":67},"end":{"line":27,"column":1}},"line":22},"1":{"name":"getExtremePlan","decl":{"start":{"line":29,"column":9},"end":{"line":29,"column":23}},"loc":{"start":{"line":29,"column":39},"end":{"line":96,"column":1}},"line":29},"2":{"name":"getHotPlan","decl":{"start":{"line":98,"column":9},"end":{"line":98,"column":19}},"loc":{"start":{"line":98,"column":35},"end":{"line":149,"column":1}},"line":98},"3":{"name":"getWarmPlan","decl":{"start":{"line":151,"column":9},"end":{"line":151,"column":20}},"loc":{"start":{"line":151,"column":36},"end":{"line":194,"column":1}},"line":151},"4":{"name":"getMildPlan","decl":{"start":{"line":196,"column":9},"end":{"line":196,"column":20}},"loc":{"start":{"line":196,"column":36},"end":{"line":223,"column":1}},"line":196}},"branchMap":{"0":{"loc":{"start":{"line":23,"column":2},"end":{"line":23,"column":48}},"type":"if","locations":[{"start":{"line":23,"column":2},"end":{"line":23,"column":48}},{"start":{},"end":{}}],"line":23},"1":{"loc":{"start":{"line":24,"column":2},"end":{"line":24,"column":44}},"type":"if","locations":[{"start":{"line":24,"column":2},"end":{"line":24,"column":44}},{"start":{},"end":{}}],"line":24},"2":{"loc":{"start":{"line":25,"column":2},"end":{"line":25,"column":45}},"type":"if","locations":[{"start":{"line":25,"column":2},"end":{"line":25,"column":45}},{"start":{},"end":{}}],"line":25}},"s":{"0":26,"1":6,"2":20,"3":8,"4":12,"5":6,"6":6,"7":6,"8":8,"9":6,"10":6},"f":{"0":26,"1":6,"2":8,"3":6,"4":6},"b":{"0":[6,20],"1":[8,12],"2":[6,6]},"_coverageSchema":"1a1c01bbd47fc00a2c39e90264f33305004495a9","hash":"8f87e84967fd493e507942d21377226d115553b9"}
,"/Users/akshen/Desktop/Programming/SunSuraksha/SunSuraksha/src/utils/heatScore.ts": {"path":"/Users/akshen/Desktop/Programming/SunSuraksha/SunSuraksha/src/utils/heatScore.ts","statementMap":{"0":{"start":{"line":27,"column":20},"end":{"line":27,"column":73}},"1":{"start":{"line":31,"column":24},"end":{"line":31,"column":77}},"2":{"start":{"line":35,"column":18},"end":{"line":35,"column":60}},"3":{"start":{"line":39,"column":22},"end":{"line":39,"column":49}},"4":{"start":{"line":41,"column":19},"end":{"line":41,"column":68}},"5":{"start":{"line":42,"column":16},"end":{"line":42,"column":51}},"6":{"start":{"line":44,"column":2},"end":{"line":52,"column":4}},"7":{"start":{"line":59,"column":2},"end":{"line":59,"column":42}},"8":{"start":{"line":59,"column":32},"end":{"line":59,"column":42}},"9":{"start":{"line":60,"column":2},"end":{"line":60,"column":40}},"10":{"start":{"line":60,"column":31},"end":{"line":60,"column":40}},"11":{"start":{"line":61,"column":2},"end":{"line":61,"column":40}},"12":{"start":{"line":61,"column":31},"end":{"line":61,"column":40}},"13":{"start":{"line":62,"column":2},"end":{"line":62,"column":11}},"14":{"start":{"line":69,"column":2},"end":{"line":69,"column":67}},"15":{"start":{"line":69,"column":19},"end":{"line":69,"column":67}},"16":{"start":{"line":70,"column":2},"end":{"line":70,"column":71}},"17":{"start":{"line":70,"column":19},"end":{"line":70,"column":71}},"18":{"start":{"line":71,"column":2},"end":{"line":71,"column":86}},"19":{"start":{"line":71,"column":19},"end":{"line":71,"column":86}},"20":{"start":{"line":72,"column":2},"end":{"line":72,"column":107}},"21":{"start":{"line":72,"column":19},"end":{"line":72,"column":107}},"22":{"start":{"line":73,"column":2},"end":{"line":73,"column":105}},"23":{"start":{"line":73,"column":19},"end":{"line":73,"column":105}},"24":{"start":{"line":74,"column":2},"end":{"line":74,"column":105}},"25":{"start":{"line":81,"column":2},"end":{"line":81,"column":39}},"26":{"start":{"line":81,"column":22},"end":{"line":81,"column":39}},"27":{"start":{"line":82,"column":2},"end":{"line":82,"column":39}},"28":{"start":{"line":82,"column":22},"end":{"line":82,"column":39}},"29":{"start":{"line":83,"column":2},"end":{"line":83,"column":39}},"30":{"start":{"line":83,"column":22},"end":{"line":83,"column":39}},"31":{"start":{"line":84,"column":2},"end":{"line":84,"column":19}},"32":{"start":{"line":91,"column":2},"end":{"line":91,"column":39}},"33":{"start":{"line":91,"column":22},"end":{"line":91,"column":39}},"34":{"start":{"line":92,"column":2},"end":{"line":92,"column":39}},"35":{"start":{"line":92,"column":22},"end":{"line":92,"column":39}},"36":{"start":{"line":93,"column":2},"end":{"line":93,"column":39}},"37":{"start":{"line":93,"column":22},"end":{"line":93,"column":39}},"38":{"start":{"line":94,"column":2},"end":{"line":94,"column":19}},"39":{"start":{"line":101,"column":2},"end":{"line":101,"column":45}},"40":{"start":{"line":109,"column":2},"end":{"line":109,"column":29}},"41":{"start":{"line":109,"column":19},"end":{"line":109,"column":29}},"42":{"start":{"line":110,"column":2},"end":{"line":110,"column":29}},"43":{"start":{"line":110,"column":19},"end":{"line":110,"column":29}},"44":{"start":{"line":111,"column":2},"end":{"line":111,"column":29}},"45":{"start":{"line":111,"column":19},"end":{"line":111,"column":29}},"46":{"start":{"line":112,"column":2},"end":{"line":112,"column":12}},"47":{"start":{"line":123,"column":15},"end":{"line":123,"column":28}},"48":{"start":{"line":125,"column":23},"end":{"line":125,"column":26}},"49":{"start":{"line":126,"column":2},"end":{"line":128,"column":50}},"50":{"start":{"line":126,"column":24},"end":{"line":126,"column":45}},"51":{"start":{"line":127,"column":7},"end":{"line":128,"column":50}},"52":{"start":{"line":127,"column":29},"end":{"line":127,"column":50}},"53":{"start":{"line":128,"column":7},"end":{"line":128,"column":50}},"54":{"start":{"line":128,"column":29},"end":{"line":128,"column":50}},"55":{"start":{"line":130,"column":29},"end":{"line":130,"column":50}},"56":{"start":{"line":132,"column":2},"end":{"line":132,"column":64}}},"fnMap":{"0":{"name":"calculateHeatScore","decl":{"start":{"line":21,"column":16},"end":{"line":21,"column":34}},"loc":{"start":{"line":24,"column":13},"end":{"line":53,"column":1}},"line":24},"1":{"name":"getTimePenalty","decl":{"start":{"line":58,"column":9},"end":{"line":58,"column":23}},"loc":{"start":{"line":58,"column":46},"end":{"line":63,"column":1}},"line":58},"2":{"name":"getPrimaryAction","decl":{"start":{"line":68,"column":9},"end":{"line":68,"column":25}},"loc":{"start":{"line":68,"column":68},"end":{"line":75,"column":1}},"line":68},"3":{"name":"getSafeWindowStart","decl":{"start":{"line":80,"column":9},"end":{"line":80,"column":27}},"loc":{"start":{"line":80,"column":55},"end":{"line":85,"column":1}},"line":80},"4":{"name":"getSafeWindowEnd","decl":{"start":{"line":90,"column":9},"end":{"line":90,"column":25}},"loc":{"start":{"line":90,"column":53},"end":{"line":95,"column":1}},"line":90},"5":{"name":"clamp","decl":{"start":{"line":100,"column":9},"end":{"line":100,"column":14}},"loc":{"start":{"line":100,"column":64},"end":{"line":102,"column":1}},"line":100},"6":{"name":"getHydrationInterval","decl":{"start":{"line":108,"column":16},"end":{"line":108,"column":36}},"loc":{"start":{"line":108,"column":60},"end":{"line":113,"column":1}},"line":108},"7":{"name":"calculateWaterTarget","decl":{"start":{"line":118,"column":16},"end":{"line":118,"column":36}},"loc":{"start":{"line":122,"column":10},"end":{"line":133,"column":1}},"line":122}},"branchMap":{"0":{"loc":{"start":{"line":23,"column":2},"end":{"line":23,"column":45}},"type":"default-arg","locations":[{"start":{"line":23,"column":24},"end":{"line":23,"column":45}}],"line":23},"1":{"loc":{"start":{"line":59,"column":2},"end":{"line":59,"column":42}},"type":"if","locations":[{"start":{"line":59,"column":2},"end":{"line":59,"column":42}},{"start":{},"end":{}}],"line":59},"2":{"loc":{"start":{"line":59,"column":6},"end":{"line":59,"column":30}},"type":"binary-expr","locations":[{"start":{"line":59,"column":6},"end":{"line":59,"column":16}},{"start":{"line":59,"column":20},"end":{"line":59,"column":30}}],"line":59},"3":{"loc":{"start":{"line":60,"column":2},"end":{"line":60,"column":40}},"type":"if","locations":[{"start":{"line":60,"column":2},"end":{"line":60,"column":40}},{"start":{},"end":{}}],"line":60},"4":{"loc":{"start":{"line":60,"column":6},"end":{"line":60,"column":29}},"type":"binary-expr","locations":[{"start":{"line":60,"column":6},"end":{"line":60,"column":15}},{"start":{"line":60,"column":19},"end":{"line":60,"column":29}}],"line":60},"5":{"loc":{"start":{"line":61,"column":2},"end":{"line":61,"column":40}},"type":"if","locations":[{"start":{"line":61,"column":2},"end":{"line":61,"column":40}},{"start":{},"end":{}}],"line":61},"6":{"loc":{"start":{"line":61,"column":6},"end":{"line":61,"column":29}},"type":"binary-expr","locations":[{"start":{"line":61,"column":6},"end":{"line":61,"column":15}},{"start":{"line":61,"column":19},"end":{"line":61,"column":29}}],"line":61},"7":{"loc":{"start":{"line":69,"column":2},"end":{"line":69,"column":67}},"type":"if","locations":[{"start":{"line":69,"column":2},"end":{"line":69,"column":67}},{"start":{},"end":{}}],"line":69},"8":{"loc":{"start":{"line":70,"column":2},"end":{"line":70,"column":71}},"type":"if","locations":[{"start":{"line":70,"column":2},"end":{"line":70,"column":71}},{"start":{},"end":{}}],"line":70},"9":{"loc":{"start":{"line":71,"column":2},"end":{"line":71,"column":86}},"type":"if","locations":[{"start":{"line":71,"column":2},"end":{"line":71,"column":86}},{"start":{},"end":{}}],"line":71},"10":{"loc":{"start":{"line":72,"column":2},"end":{"line":72,"column":107}},"type":"if","locations":[{"start":{"line":72,"column":2},"end":{"line":72,"column":107}},{"start":{},"end":{}}],"line":72},"11":{"loc":{"start":{"line":73,"column":2},"end":{"line":73,"column":105}},"type":"if","locations":[{"start":{"line":73,"column":2},"end":{"line":73,"column":105}},{"start":{},"end":{}}],"line":73},"12":{"loc":{"start":{"line":81,"column":2},"end":{"line":81,"column":39}},"type":"if","locations":[{"start":{"line":81,"column":2},"end":{"line":81,"column":39}},{"start":{},"end":{}}],"line":81},"13":{"loc":{"start":{"line":82,"column":2},"end":{"line":82,"column":39}},"type":"if","locations":[{"start":{"line":82,"column":2},"end":{"line":82,"column":39}},{"start":{},"end":{}}],"line":82},"14":{"loc":{"start":{"line":83,"column":2},"end":{"line":83,"column":39}},"type":"if","locations":[{"start":{"line":83,"column":2},"end":{"line":83,"column":39}},{"start":{},"end":{}}],"line":83},"15":{"loc":{"start":{"line":91,"column":2},"end":{"line":91,"column":39}},"type":"if","locations":[{"start":{"line":91,"column":2},"end":{"line":91,"column":39}},{"start":{},"end":{}}],"line":91},"16":{"loc":{"start":{"line":92,"column":2},"end":{"line":92,"column":39}},"type":"if","locations":[{"start":{"line":92,"column":2},"end":{"line":92,"column":39}},{"start":{},"end":{}}],"line":92},"17":{"loc":{"start":{"line":93,"column":2},"end":{"line":93,"column":39}},"type":"if","locations":[{"start":{"line":93,"column":2},"end":{"line":93,"column":39}},{"start":{},"end":{}}],"line":93},"18":{"loc":{"start":{"line":109,"column":2},"end":{"line":109,"column":29}},"type":"if","locations":[{"start":{"line":109,"column":2},"end":{"line":109,"column":29}},{"start":{},"end":{}}],"line":109},"19":{"loc":{"start":{"line":110,"column":2},"end":{"line":110,"column":29}},"type":"if","locations":[{"start":{"line":110,"column":2},"end":{"line":110,"column":29}},{"start":{},"end":{}}],"line":110},"20":{"loc":{"start":{"line":111,"column":2},"end":{"line":111,"column":29}},"type":"if","locations":[{"start":{"line":111,"column":2},"end":{"line":111,"column":29}},{"start":{},"end":{}}],"line":111},"21":{"loc":{"start":{"line":126,"column":2},"end":{"line":128,"column":50}},"type":"if","locations":[{"start":{"line":126,"column":2},"end":{"line":128,"column":50}},{"start":{"line":127,"column":7},"end":{"line":128,"column":50}}],"line":126},"22":{"loc":{"start":{"line":127,"column":7},"end":{"line":128,"column":50}},"type":"if","locations":[{"start":{"line":127,"column":7},"end":{"line":128,"column":50}},{"start":{"line":128,"column":7},"end":{"line":128,"column":50}}],"line":127},"23":{"loc":{"start":{"line":128,"column":7},"end":{"line":128,"column":50}},"type":"if","locations":[{"start":{"line":128,"column":7},"end":{"line":128,"column":50}},{"start":{},"end":{}}],"line":128},"24":{"loc":{"start":{"line":130,"column":29},"end":{"line":130,"column":50}},"type":"cond-expr","locations":[{"start":{"line":130,"column":41},"end":{"line":130,"column":44}},{"start":{"line":130,"column":47},"end":{"line":130,"column":50}}],"line":130}},"s":{"0":34,"1":34,"2":34,"3":34,"4":34,"5":34,"6":34,"7":34,"8":24,"9":10,"10":4,"11":6,"12":0,"13":6,"14":34,"15":6,"16":28,"17":3,"18":25,"19":7,"20":18,"21":10,"22":8,"23":4,"24":4,"25":34,"26":10,"27":24,"28":6,"29":18,"30":10,"31":8,"32":34,"33":10,"34":24,"35":6,"36":18,"37":10,"38":8,"39":136,"40":17,"41":6,"42":11,"43":3,"44":8,"45":3,"46":5,"47":15,"48":15,"49":15,"50":2,"51":13,"52":5,"53":8,"54":4,"55":15,"56":15},"f":{"0":34,"1":34,"2":34,"3":34,"4":34,"5":136,"6":17,"7":15},"b":{"0":[0],"1":[24,10],"2":[34,27],"3":[4,6],"4":[10,7],"5":[0,6],"6":[6,3],"7":[6,28],"8":[3,25],"9":[7,18],"10":[10,8],"11":[4,4],"12":[10,24],"13":[6,18],"14":[10,8],"15":[10,24],"16":[6,18],"17":[10,8],"18":[6,11],"19":[3,8],"20":[3,5],"21":[2,13],"22":[5,8],"23":[4,4],"24":[4,11]},"_coverageSchema":"1a1c01bbd47fc00a2c39e90264f33305004495a9","hash":"6a1259630c2196075e84d3c6e161d55eb214ca83"}
}
