TN:
SF:src/components/common/Badge.tsx
FN:29,Badge
FNF:1
FNH:1
FNDA:10,Badge
DA:20,1
DA:36,10
DA:38,10
DA:61,1
LF:4
LH:4
BRDA:31,0,0,4
BRDA:32,1,0,9
BRDA:43,2,0,10
BRDA:43,2,1,1
BRDA:51,3,0,10
BRDA:51,3,1,1
BRF:6
BRH:6
end_of_record
TN:
SF:src/components/common/Button.tsx
FN:32,Button
FNF:1
FNH:1
FNDA:10,Button
DA:42,10
DA:44,10
DA:79,1
DA:96,1
DA:109,1
DA:118,1
DA:135,1
LF:7
LH:7
BRDA:35,0,0,6
BRDA:36,1,0,9
BRDA:37,2,0,9
BRDA:38,3,0,8
BRDA:42,4,0,10
BRDA:42,4,1,9
BRDA:54,5,0,10
BRDA:54,5,1,3
BRDA:58,6,0,2
BRDA:58,6,1,8
BRDA:61,7,0,2
BRDA:61,7,1,0
BRDA:61,8,0,2
BRDA:61,8,1,0
BRDA:69,9,0,8
BRDA:69,9,1,1
BRF:16
BRH:14
end_of_record
TN:
SF:src/components/common/Card.tsx
FN:19,Card
FNF:1
FNH:1
FNDA:5,Card
DA:26,5
DA:41,1
LF:2
LH:2
BRDA:21,0,0,4
BRDA:23,1,0,4
BRDA:31,2,0,5
BRDA:31,2,1,1
BRDA:32,3,0,5
BRDA:32,3,1,1
BRF:6
BRH:6
end_of_record
TN:
SF:src/components/common/ScreenHeader.tsx
FN:20,ScreenHeader
FNF:1
FNH:0
FNDA:0,ScreenHeader
DA:26,0
DA:44,0
LF:2
LH:0
BRDA:30,0,0,0
BRDA:30,0,1,0
BRDA:32,1,0,0
BRDA:32,1,1,0
BRF:4
BRH:0
end_of_record
TN:
SF:src/components/common/index.ts
FNF:0
FNH:0
LF:0
LH:0
BRF:0
BRH:0
end_of_record
TN:
SF:src/components/food/AvoidCard.tsx
FN:27,AvoidCard
FN:41,(anonymous_1)
FN:65,(anonymous_2)
FNF:3
FNH:0
FNDA:0,AvoidCard
FNDA:0,(anonymous_1)
FNDA:0,(anonymous_2)
DA:20,0
DA:35,0
DA:36,0
DA:38,0
DA:41,0
DA:66,0
DA:81,0
LF:7
LH:0
BRDA:59,0,0,0
BRDA:59,0,1,0
BRDA:75,1,0,0
BRDA:75,1,1,0
BRF:4
BRH:0
end_of_record
TN:
SF:src/components/food/DrinkCard.tsx
FN:25,DrinkCard
FN:42,(anonymous_1)
FN:94,(anonymous_2)
FNF:3
FNH:0
FNDA:0,DrinkCard
FNDA:0,(anonymous_1)
FNDA:0,(anonymous_2)
DA:37,0
DA:39,0
DA:42,0
DA:95,0
DA:110,0
LF:5
LH:0
BRDA:88,0,0,0
BRDA:88,0,1,0
BRDA:104,1,0,0
BRDA:104,1,1,0
BRF:4
BRH:0
end_of_record
TN:
SF:src/components/food/FoodCard.tsx
FN:25,FoodCard
FN:42,(anonymous_1)
FN:88,(anonymous_2)
FNF:3
FNH:0
FNDA:0,FoodCard
FNDA:0,(anonymous_1)
FNDA:0,(anonymous_2)
DA:37,0
DA:39,0
DA:42,0
DA:89,0
DA:111,0
LF:5
LH:0
BRDA:58,0,0,0
BRDA:58,0,1,0
BRDA:64,1,0,0
BRDA:64,1,1,0
BRDA:70,2,0,0
BRDA:70,2,1,0
BRDA:96,3,0,0
BRDA:96,3,1,0
BRDA:105,4,0,0
BRDA:105,4,1,0
BRF:10
BRH:0
end_of_record
TN:
SF:src/components/food/index.ts
FNF:0
FNH:0
LF:0
LH:0
BRF:0
BRH:0
end_of_record
TN:
SF:src/components/home/ActionCard.tsx
FN:19,ActionCard
FNF:1
FNH:0
FNDA:0,ActionCard
DA:26,0
DA:28,0
DA:50,0
LF:3
LH:0
BRDA:32,0,0,0
BRDA:32,0,1,0
BRDA:35,1,0,0
BRDA:35,1,1,0
BRDA:37,2,0,0
BRDA:37,2,1,0
BRF:6
BRH:0
end_of_record
TN:
SF:src/components/home/HeatScoreRing.tsx
FN:20,HeatScoreRing
FNF:1
FNH:0
FNDA:0,HeatScoreRing
DA:21,0
DA:22,0
DA:23,0
DA:26,0
DA:27,0
DA:28,0
DA:29,0
DA:30,0
DA:31,0
DA:33,0
DA:89,0
LF:11
LH:0
BRDA:36,0,0,0
BRDA:36,0,1,0
BRF:2
BRH:0
end_of_record
TN:
SF:src/components/home/HourlyTimeline.tsx
FN:27,getHourSafety
FN:52,formatHour
FN:59,HourlyTimeline
FN:63,(anonymous_3)
FN:96,(anonymous_4)
FNF:5
FNH:0
FNDA:0,getHourSafety
FNDA:0,formatHour
FNDA:0,HourlyTimeline
FNDA:0,(anonymous_3)
FNDA:0,(anonymous_4)
DA:20,0
DA:29,0
DA:32,0
DA:35,0
DA:36,0
DA:37,0
DA:38,0
DA:40,0
DA:41,0
DA:42,0
DA:43,0
DA:45,0
DA:46,0
DA:47,0
DA:49,0
DA:53,0
DA:54,0
DA:55,0
DA:56,0
DA:60,0
DA:63,0
DA:64,0
DA:65,0
DA:71,0
DA:97,0
DA:98,0
DA:100,0
DA:116,0
LF:28
LH:0
BRDA:29,0,0,0
BRDA:29,0,1,0
BRDA:29,1,0,0
BRDA:29,1,1,0
BRDA:32,2,0,0
BRDA:32,2,1,0
BRDA:32,3,0,0
BRDA:32,3,1,0
BRDA:35,4,0,0
BRDA:35,4,1,0
BRDA:36,5,0,0
BRDA:36,5,1,0
BRDA:36,6,0,0
BRDA:36,6,1,0
BRDA:37,7,0,0
BRDA:37,7,1,0
BRDA:37,8,0,0
BRDA:37,8,1,0
BRDA:40,9,0,0
BRDA:40,9,1,0
BRDA:41,10,0,0
BRDA:41,10,1,0
BRDA:41,11,0,0
BRDA:41,11,1,0
BRDA:42,12,0,0
BRDA:42,12,1,0
BRDA:42,13,0,0
BRDA:42,13,1,0
BRDA:45,14,0,0
BRDA:45,14,1,0
BRDA:46,15,0,0
BRDA:46,15,1,0
BRDA:46,16,0,0
BRDA:46,16,1,0
BRDA:53,17,0,0
BRDA:53,17,1,0
BRDA:53,18,0,0
BRDA:53,18,1,0
BRDA:54,19,0,0
BRDA:54,19,1,0
BRDA:55,20,0,0
BRDA:55,20,1,0
BRDA:105,21,0,0
BRDA:105,21,1,0
BRDA:106,22,0,0
BRDA:106,22,1,0
BRF:46
BRH:0
end_of_record
TN:
SF:src/components/home/QuickActions.tsx
FN:17,QuickActions
FN:24,(anonymous_1)
FN:29,(anonymous_2)
FN:34,(anonymous_3)
FN:39,(anonymous_4)
FN:45,(anonymous_5)
FNF:6
FNH:0
FNDA:0,QuickActions
FNDA:0,(anonymous_1)
FNDA:0,(anonymous_2)
FNDA:0,(anonymous_3)
FNDA:0,(anonymous_4)
FNDA:0,(anonymous_5)
DA:18,0
DA:20,0
DA:24,0
DA:29,0
DA:34,0
DA:39,0
DA:43,0
DA:46,0
DA:60,0
LF:9
LH:0
BRF:0
BRH:0
end_of_record
TN:
SF:src/components/home/WeatherMini.tsx
FN:16,StatItem
FN:26,WeatherMini
FNF:2
FNH:0
FNDA:0,StatItem
FNDA:0,WeatherMini
DA:17,0
DA:27,0
DA:29,0
DA:40,0
LF:4
LH:0
BRDA:27,0,0,0
BRDA:27,0,1,0
BRDA:27,1,0,0
BRDA:27,1,1,0
BRDA:27,2,0,0
BRDA:27,2,1,0
BRDA:27,3,0,0
BRDA:27,3,1,0
BRF:8
BRH:0
end_of_record
TN:
SF:src/components/home/index.ts
FNF:0
FNH:0
LF:0
LH:0
BRF:0
BRH:0
end_of_record
TN:
SF:src/components/hydration/CustomAmountModal.tsx
FN:26,CustomAmountModal
FN:29,handleAdd
FN:38,handleClose
FN:61,(anonymous_3)
FNF:4
FNH:0
FNDA:0,CustomAmountModal
FNDA:0,handleAdd
FNDA:0,handleClose
FNDA:0,(anonymous_3)
DA:27,0
DA:30,0
DA:31,0
DA:32,0
DA:33,0
DA:34,0
DA:39,0
DA:40,0
DA:43,0
DA:61,0
DA:90,0
LF:11
LH:0
BRDA:31,0,0,0
BRDA:31,0,1,0
BRDA:31,1,0,0
BRDA:31,1,1,0
BRDA:46,2,0,0
BRDA:46,2,1,0
BRDA:76,3,0,0
BRDA:76,3,1,0
BRDA:81,4,0,0
BRDA:81,4,1,0
BRF:10
BRH:0
end_of_record
TN:
SF:src/components/hydration/HydrationLogList.tsx
FN:22,formatTime
FN:31,getEmojiForAmount
FN:37,HydrationLogList
FN:51,(anonymous_3)
FN:60,(anonymous_4)
FNF:5
FNH:0
FNDA:0,formatTime
FNDA:0,getEmojiForAmount
FNDA:0,HydrationLogList
FNDA:0,(anonymous_3)
FNDA:0,(anonymous_4)
DA:23,0
DA:24,0
DA:32,0
DA:33,0
DA:34,0
DA:38,0
DA:39,0
DA:48,0
DA:52,0
DA:60,0
DA:72,0
LF:11
LH:0
BRDA:32,0,0,0
BRDA:32,0,1,0
BRDA:33,1,0,0
BRDA:33,1,1,0
BRDA:38,2,0,0
BRDA:38,2,1,0
BRDA:58,3,0,0
BRDA:58,3,1,0
BRF:8
BRH:0
end_of_record
TN:
SF:src/components/hydration/QuickAddButtons.tsx
FN:21,QuickAddButtons
FN:26,(anonymous_1)
FN:30,(anonymous_2)
FNF:3
FNH:0
FNDA:0,QuickAddButtons
FNDA:0,(anonymous_1)
FNDA:0,(anonymous_2)
DA:15,0
DA:22,0
DA:27,0
DA:30,0
DA:50,0
LF:5
LH:0
BRF:0
BRH:0
end_of_record
TN:
SF:src/components/hydration/WaterProgressRing.tsx
FN:17,WaterProgressRing
FNF:1
FNH:0
FNDA:0,WaterProgressRing
DA:18,0
DA:19,0
DA:22,0
DA:23,0
DA:24,0
DA:25,0
DA:26,0
DA:27,0
DA:29,0
DA:30,0
DA:32,0
DA:97,0
LF:12
LH:0
BRDA:29,0,0,0
BRDA:29,0,1,0
BRDA:30,1,0,0
BRDA:30,1,1,0
BRDA:63,2,0,0
BRDA:63,2,1,0
BRDA:72,3,0,0
BRDA:72,3,1,0
BRDA:79,4,0,0
BRDA:79,4,1,0
BRDA:87,5,0,0
BRDA:87,5,1,0
BRDA:89,6,0,0
BRDA:89,6,1,0
BRF:14
BRH:0
end_of_record
TN:
SF:src/components/hydration/index.ts
FNF:0
FNH:0
LF:0
LH:0
BRF:0
BRH:0
end_of_record
TN:
SF:src/components/planner/TimeBlockCard.tsx
FN:30,formatHour
FN:37,TimeBlockCard
FN:81,(anonymous_2)
FNF:3
FNH:0
FNDA:0,formatHour
FNDA:0,TimeBlockCard
FNDA:0,(anonymous_2)
DA:23,0
DA:31,0
DA:32,0
DA:33,0
DA:34,0
DA:46,0
DA:48,0
DA:82,0
DA:93,0
LF:9
LH:0
BRDA:31,0,0,0
BRDA:31,0,1,0
BRDA:31,1,0,0
BRDA:31,1,1,0
BRDA:32,2,0,0
BRDA:32,2,1,0
BRDA:33,3,0,0
BRDA:33,3,1,0
BRDA:49,4,0,0
BRDA:49,4,1,0
BRDA:60,5,0,0
BRDA:60,5,1,0
BRDA:79,6,0,0
BRDA:79,6,1,0
BRF:14
BRH:0
end_of_record
TN:
SF:src/components/planner/index.ts
FNF:0
FNH:0
LF:0
LH:0
BRF:0
BRH:0
end_of_record
TN:
SF:src/constants/config.ts
FNF:0
FNH:0
DA:13,1
LF:1
LH:1
BRDA:15,0,0,1
BRDA:15,0,1,1
BRDA:16,1,0,1
BRDA:16,1,1,1
BRDA:17,2,0,1
BRDA:17,2,1,1
BRF:6
BRH:6
end_of_record
TN:
SF:src/constants/theme.ts
FN:138,getHeatColor
FN:145,getHeatBgColor
FN:152,getHeatLabel
FNF:3
FNH:3
FNDA:46,getHeatColor
FNDA:38,getHeatBgColor
FNDA:42,getHeatLabel
DA:8,6
DA:49,6
DA:62,6
DA:71,6
DA:109,6
DA:139,46
DA:140,34
DA:141,20
DA:142,9
DA:146,38
DA:147,28
DA:148,16
DA:149,7
DA:153,42
DA:154,31
DA:155,18
DA:156,8
LF:17
LH:17
BRDA:139,0,0,12
BRDA:139,0,1,34
BRDA:140,1,0,14
BRDA:140,1,1,20
BRDA:141,2,0,11
BRDA:141,2,1,9
BRDA:146,3,0,10
BRDA:146,3,1,28
BRDA:147,4,0,12
BRDA:147,4,1,16
BRDA:148,5,0,9
BRDA:148,5,1,7
BRDA:153,6,0,11
BRDA:153,6,1,31
BRDA:154,7,0,13
BRDA:154,7,1,18
BRDA:155,8,0,10
BRDA:155,8,1,8
BRF:18
BRH:18
end_of_record
TN:
SF:src/data/foodData.ts
FN:33,getAllFoods
FN:38,getFoodsForTemp
FN:40,(anonymous_2)
FN:45,getFoodsForTime
FN:46,(anonymous_4)
FN:50,getFoodsByTag
FN:51,(anonymous_6)
FN:55,getFoodById
FN:56,(anonymous_8)
FN:60,getVegetarianFoods
FN:61,(anonymous_10)
FN:65,getVeganFoods
FN:66,(anonymous_12)
FN:72,getAllDrinks
FN:77,getDrinksForTemp
FN:79,(anonymous_15)
FN:84,getDrinksByHydration
FN:85,(anonymous_17)
FN:89,getDrinksForTime
FN:90,(anonymous_19)
FN:94,getDrinkById
FN:95,(anonymous_21)
FN:99,getQuickDrinks
FN:100,(anonymous_23)
FN:106,getFoodsToAvoid
FN:111,getCriticalAvoids
FN:113,(anonymous_26)
FN:123,getRecommendations
FN:132,(anonymous_28)
FN:141,(anonymous_29)
FN:148,(anonymous_30)
FN:151,(anonymous_31)
FN:175,getHydrationRules
FN:182,getMealPlan
FNF:34
FNH:30
FNDA:7,getAllFoods
FNDA:5,getFoodsForTemp
FNDA:50,(anonymous_2)
FNDA:0,getFoodsForTime
FNDA:0,(anonymous_4)
FNDA:1,getFoodsByTag
FNDA:10,(anonymous_6)
FNDA:2,getFoodById
FNDA:11,(anonymous_8)
FNDA:1,getVegetarianFoods
FNDA:10,(anonymous_10)
FNDA:2,getVeganFoods
FNDA:20,(anonymous_12)
FNDA:5,getAllDrinks
FNDA:2,getDrinksForTemp
FNDA:12,(anonymous_15)
FNDA:1,getDrinksByHydration
FNDA:10,(anonymous_17)
FNDA:0,getDrinksForTime
FNDA:0,(anonymous_19)
FNDA:1,getDrinkById
FNDA:1,(anonymous_21)
FNDA:2,getQuickDrinks
FNDA:12,(anonymous_23)
FNDA:3,getFoodsToAvoid
FNDA:1,getCriticalAvoids
FNDA:5,(anonymous_26)
FNDA:7,getRecommendations
FNDA:70,(anonymous_28)
FNDA:42,(anonymous_29)
FNDA:43,(anonymous_30)
FNDA:56,(anonymous_31)
FNDA:4,getHydrationRules
FNDA:5,getMealPlan
DA:28,2
DA:34,7
DA:39,5
DA:40,50
DA:46,0
DA:51,10
DA:56,11
DA:61,10
DA:66,20
DA:73,5
DA:78,2
DA:79,12
DA:85,10
DA:90,0
DA:95,1
DA:100,12
DA:107,3
DA:112,1
DA:113,5
DA:128,7
DA:131,7
DA:133,70
DA:140,7
DA:142,42
DA:148,43
DA:151,7
DA:152,56
DA:153,56
DA:157,7
DA:158,7
DA:159,4
DA:160,7
DA:162,7
DA:176,4
DA:183,5
DA:184,3
DA:185,2
LF:37
LH:35
BRDA:40,0,0,50
BRDA:40,0,1,35
BRDA:79,1,0,12
BRDA:79,1,1,8
BRDA:113,2,0,5
BRDA:113,2,1,3
BRDA:128,3,0,6
BRDA:133,4,0,70
BRDA:133,4,1,58
BRDA:133,4,2,58
BRDA:133,4,3,52
BRDA:136,5,0,52
BRDA:136,5,1,0
BRDA:142,6,0,42
BRDA:142,6,1,32
BRDA:142,6,2,32
BRDA:158,7,0,3
BRDA:158,7,1,4
BRDA:159,8,0,2
BRDA:159,8,1,2
BRDA:160,9,0,7
BRDA:160,9,1,0
BRDA:183,10,0,2
BRDA:183,10,1,3
BRDA:183,11,0,2
BRDA:183,11,1,0
BRDA:184,12,0,1
BRDA:184,12,1,2
BRDA:184,13,0,1
BRDA:184,13,1,0
BRDA:185,14,0,2
BRDA:185,14,1,0
BRF:32
BRH:27
end_of_record
TN:
SF:src/hooks/useLocation.ts
FN:23,useLocation
FN:29,detectLocation
FN:75,(anonymous_2)
FNF:3
FNH:0
FNDA:0,useLocation
FNDA:0,detectLocation
FNDA:0,(anonymous_2)
DA:24,0
DA:25,0
DA:26,0
DA:27,0
DA:30,0
DA:31,0
DA:32,0
DA:35,0
DA:37,0
DA:38,0
DA:39,0
DA:40,0
DA:44,0
DA:48,0
DA:49,0
DA:52,0
DA:57,0
DA:60,0
DA:65,0
DA:68,0
DA:69,0
DA:71,0
DA:75,0
DA:76,0
DA:79,0
LF:25
LH:0
BRDA:37,0,0,0
BRDA:37,0,1,0
BRDA:57,1,0,0
BRDA:57,1,1,0
BRDA:60,2,0,0
BRDA:60,2,1,0
BRDA:60,2,2,0
BRDA:60,2,3,0
BRF:8
BRH:0
end_of_record
TN:
SF:src/hooks/useWeather.ts
FN:34,useWeather
FN:42,(anonymous_1)
FN:47,(anonymous_2)
FN:55,(anonymous_3)
FN:77,(anonymous_4)
FN:82,(anonymous_5)
FN:87,(anonymous_6)
FNF:7
FNH:0
FNDA:0,useWeather
FNDA:0,(anonymous_1)
FNDA:0,(anonymous_2)
FNDA:0,(anonymous_3)
FNDA:0,(anonymous_4)
FNDA:0,(anonymous_5)
FNDA:0,(anonymous_6)
DA:18,0
DA:35,0
DA:37,0
DA:38,0
DA:39,0
DA:40,0
DA:42,0
DA:43,0
DA:44,0
DA:47,0
DA:48,0
DA:49,0
DA:55,0
DA:56,0
DA:57,0
DA:60,0
DA:62,0
DA:65,0
DA:68,0
DA:70,0
DA:71,0
DA:73,0
DA:77,0
DA:78,0
DA:79,0
DA:82,0
DA:83,0
DA:85,0
DA:87,0
DA:88,0
DA:89,0
DA:94,0
LF:32
LH:0
BRDA:35,0,0,0
BRDA:43,1,0,0
BRDA:43,1,1,0
BRDA:48,2,0,0
BRDA:48,2,1,0
BRDA:60,3,0,0
BRDA:60,3,1,0
BRDA:88,4,0,0
BRDA:88,4,1,0
BRF:9
BRH:0
end_of_record
TN:
SF:src/services/auth.ts
FN:12,signUp
FN:23,signIn
FN:34,signOut
FN:40,getSession
FN:47,getCurrentUserId
FN:53,onAuthStateChange
FNF:6
FNH:0
FNDA:0,signUp
FNDA:0,signIn
FNDA:0,signOut
FNDA:0,getSession
FNDA:0,getCurrentUserId
FNDA:0,onAuthStateChange
DA:13,0
DA:18,0
DA:19,0
DA:24,0
DA:29,0
DA:30,0
DA:35,0
DA:36,0
DA:41,0
DA:42,0
DA:43,0
DA:48,0
DA:49,0
DA:56,0
LF:14
LH:0
BRDA:18,0,0,0
BRDA:18,0,1,0
BRDA:29,1,0,0
BRDA:29,1,1,0
BRDA:36,2,0,0
BRDA:36,2,1,0
BRDA:42,3,0,0
BRDA:42,3,1,0
BRDA:49,4,0,0
BRDA:49,4,1,0
BRF:10
BRH:0
end_of_record
TN:
SF:src/services/hydration.ts
FN:11,logWater
FN:36,getTodayLogs
FN:56,getTodayTotal
FN:79,upsertDailySummary
FN:115,deleteLog
FNF:5
FNH:0
FNDA:0,logWater
FNDA:0,getTodayLogs
FNDA:0,getTodayTotal
FNDA:0,upsertDailySummary
FNDA:0,deleteLog
DA:15,0
DA:24,0
DA:25,0
DA:26,0
DA:30,0
DA:32,0
DA:37,0
DA:39,0
DA:47,0
DA:48,0
DA:49,0
DA:52,0
DA:61,0
DA:63,0
DA:70,0
DA:72,0
DA:75,0
DA:83,0
DA:86,0
DA:93,0
DA:95,0
DA:104,0
DA:119,0
DA:125,0
DA:126,0
DA:127,0
DA:130,0
LF:27
LH:0
BRDA:24,0,0,0
BRDA:24,0,1,0
BRDA:47,1,0,0
BRDA:47,1,1,0
BRDA:70,2,0,0
BRDA:70,2,1,0
BRDA:93,3,0,0
BRDA:93,3,1,0
BRDA:125,4,0,0
BRDA:125,4,1,0
BRF:10
BRH:0
end_of_record
TN:
SF:src/services/index.ts
FNF:0
FNH:0
LF:0
LH:0
BRF:0
BRH:0
end_of_record
TN:
SF:src/services/notifications.ts
FN:16,requestNotificationPermissions
FN:33,scheduleHydrationReminder
FN:62,scheduleHeatAlert
FN:84,cancelAllNotifications
FN:95,setupDailyHydrationReminders
FNF:5
FNH:5
FNDA:1,requestNotificationPermissions
FNDA:17,scheduleHydrationReminder
FNDA:2,scheduleHeatAlert
FNDA:2,cancelAllNotifications
FNDA:1,setupDailyHydrationReminders
DA:11,1
DA:17,1
DA:18,0
DA:19,0
DA:21,1
DA:22,1
DA:23,1
DA:24,0
DA:26,1
DA:37,17
DA:38,17
DA:39,17
DA:40,17
DA:47,17
DA:48,17
DA:52,17
DA:54,0
DA:55,0
DA:63,2
DA:64,1
DA:65,1
DA:66,1
DA:67,1
DA:70,1
DA:74,1
DA:76,0
DA:77,0
DA:85,2
DA:86,2
DA:87,2
DA:88,2
DA:99,1
DA:100,0
DA:101,0
DA:103,1
DA:104,1
DA:105,1
DA:106,16
LF:38
LH:29
BRDA:17,0,0,0
BRDA:17,0,1,1
BRDA:37,1,0,0
BRDA:37,1,1,17
BRDA:63,2,0,1
BRDA:63,2,1,1
BRDA:63,3,0,2
BRDA:63,3,1,2
BRDA:66,4,0,1
BRDA:66,4,1,0
BRDA:67,5,0,1
BRDA:67,5,1,0
BRDA:85,6,0,0
BRDA:85,6,1,2
BRDA:99,7,0,0
BRDA:99,7,1,1
BRF:16
BRH:10
end_of_record
TN:
SF:src/services/profile.ts
FN:12,getProfile
FN:28,updateProfile
FN:48,completeOnboarding
FNF:3
FNH:0
FNDA:0,getProfile
FNDA:0,updateProfile
FNDA:0,completeOnboarding
DA:13,0
DA:19,0
DA:20,0
DA:21,0
DA:24,0
DA:32,0
DA:39,0
DA:40,0
DA:41,0
DA:44,0
DA:60,0
LF:11
LH:0
BRDA:19,0,0,0
BRDA:19,0,1,0
BRDA:39,1,0,0
BRDA:39,1,1,0
BRF:4
BRH:0
end_of_record
TN:
SF:src/services/weather.ts
FN:56,getCityCoords
FN:65,fetchWeather
FN:107,fetchWeatherByCoords
FN:148,estimateUV
FN:160,getMockWeather
FNF:5
FNH:3
FNDA:0,getCityCoords
FNDA:5,fetchWeather
FNDA:0,fetchWeatherByCoords
FNDA:5,estimateUV
FNDA:5,getMockWeather
DA:18,1
DA:57,0
DA:58,0
DA:66,5
DA:68,5
DA:69,5
DA:70,5
DA:73,0
DA:75,0
DA:76,0
DA:78,0
DA:80,0
DA:81,0
DA:82,0
DA:85,0
DA:87,0
DA:99,0
DA:100,0
DA:111,0
DA:113,0
DA:114,0
DA:117,0
DA:118,0
DA:120,0
DA:122,0
DA:123,0
DA:126,0
DA:128,0
DA:140,0
DA:141,0
DA:149,5
DA:150,5
DA:151,5
DA:152,5
DA:153,0
DA:161,5
DA:162,5
DA:164,5
LF:38
LH:12
BRDA:58,0,0,0
BRDA:58,0,1,0
BRDA:68,1,0,5
BRDA:68,1,1,0
BRDA:68,2,0,5
BRDA:68,2,1,0
BRDA:80,3,0,0
BRDA:80,3,1,0
BRDA:88,4,0,0
BRDA:88,4,1,0
BRDA:92,5,0,0
BRDA:92,5,1,0
BRDA:94,6,0,0
BRDA:94,6,1,0
BRDA:95,7,0,0
BRDA:95,7,1,0
BRDA:113,8,0,0
BRDA:113,8,1,0
BRDA:113,9,0,0
BRDA:113,9,1,0
BRDA:122,10,0,0
BRDA:122,10,1,0
BRDA:129,11,0,0
BRDA:129,11,1,0
BRDA:133,12,0,0
BRDA:133,12,1,0
BRDA:135,13,0,0
BRDA:135,13,1,0
BRDA:136,14,0,0
BRDA:136,14,1,0
BRDA:150,15,0,0
BRDA:150,15,1,5
BRDA:150,16,0,5
BRDA:150,16,1,5
BRDA:151,17,0,0
BRDA:151,17,1,5
BRDA:151,18,0,5
BRDA:151,18,1,5
BRDA:152,19,0,5
BRDA:152,19,1,0
BRDA:152,20,0,5
BRDA:152,20,1,5
BRDA:162,21,0,5
BRDA:162,21,1,5
BRDA:165,22,0,5
BRDA:165,22,1,0
BRDA:166,23,0,5
BRDA:166,23,1,0
BRDA:167,24,0,5
BRDA:167,24,1,0
BRDA:171,25,0,5
BRDA:171,25,1,0
BRDA:172,26,0,5
BRDA:172,26,1,0
BRF:54
BRH:18
end_of_record
TN:
SF:src/utils/dailyPlan.ts
FN:22,generateDailyPlan
FN:29,getExtremePlan
FN:98,getHotPlan
FN:151,getWarmPlan
FN:196,getMildPlan
FNF:5
FNH:5
FNDA:26,generateDailyPlan
FNDA:6,getExtremePlan
FNDA:8,getHotPlan
FNDA:6,getWarmPlan
FNDA:6,getMildPlan
DA:23,26
DA:24,20
DA:25,12
DA:26,6
DA:30,6
DA:99,8
DA:152,6
DA:197,6
LF:8
LH:8
BRDA:23,0,0,6
BRDA:23,0,1,20
BRDA:24,1,0,8
BRDA:24,1,1,12
BRDA:25,2,0,6
BRDA:25,2,1,6
BRF:6
BRH:6
end_of_record
TN:
SF:src/utils/heatScore.ts
FN:21,calculateHeatScore
FN:58,getTimePenalty
FN:68,getPrimaryAction
FN:80,getSafeWindowStart
FN:90,getSafeWindowEnd
FN:100,clamp
FN:108,getHydrationInterval
FN:118,calculateWaterTarget
FNF:8
FNH:8
FNDA:34,calculateHeatScore
FNDA:34,getTimePenalty
FNDA:34,getPrimaryAction
FNDA:34,getSafeWindowStart
FNDA:34,getSafeWindowEnd
FNDA:136,clamp
FNDA:17,getHydrationInterval
FNDA:15,calculateWaterTarget
DA:27,34
DA:31,34
DA:35,34
DA:39,34
DA:41,34
DA:42,34
DA:44,34
DA:59,34
DA:60,10
DA:61,6
DA:62,6
DA:69,34
DA:70,28
DA:71,25
DA:72,18
DA:73,8
DA:74,4
DA:81,34
DA:82,24
DA:83,18
DA:84,8
DA:91,34
DA:92,24
DA:93,18
DA:94,8
DA:101,136
DA:109,17
DA:110,11
DA:111,8
DA:112,5
DA:123,15
DA:125,15
DA:126,15
DA:127,13
DA:128,8
DA:130,15
DA:132,15
LF:37
LH:37
BRDA:23,0,0,0
BRDA:59,1,0,24
BRDA:59,1,1,10
BRDA:59,2,0,34
BRDA:59,2,1,27
BRDA:60,3,0,4
BRDA:60,3,1,6
BRDA:60,4,0,10
BRDA:60,4,1,7
BRDA:61,5,0,0
BRDA:61,5,1,6
BRDA:61,6,0,6
BRDA:61,6,1,3
BRDA:69,7,0,6
BRDA:69,7,1,28
BRDA:70,8,0,3
BRDA:70,8,1,25
BRDA:71,9,0,7
BRDA:71,9,1,18
BRDA:72,10,0,10
BRDA:72,10,1,8
BRDA:73,11,0,4
BRDA:73,11,1,4
BRDA:81,12,0,10
BRDA:81,12,1,24
BRDA:82,13,0,6
BRDA:82,13,1,18
BRDA:83,14,0,10
BRDA:83,14,1,8
BRDA:91,15,0,10
BRDA:91,15,1,24
BRDA:92,16,0,6
BRDA:92,16,1,18
BRDA:93,17,0,10
BRDA:93,17,1,8
BRDA:109,18,0,6
BRDA:109,18,1,11
BRDA:110,19,0,3
BRDA:110,19,1,8
BRDA:111,20,0,3
BRDA:111,20,1,5
BRDA:126,21,0,2
BRDA:126,21,1,13
BRDA:127,22,0,5
BRDA:127,22,1,8
BRDA:128,23,0,4
BRDA:128,23,1,4
BRDA:130,24,0,4
BRDA:130,24,1,11
BRF:49
BRH:47
end_of_record
